#
# A fatal error has been detected by the Java Runtime Environment:
#
#  SIGSEGV (0xb) at pc=0x00007f35e8b029a8, pid=6069, tid=0x00007f3598f6d700
#
# JRE version: Java(TM) SE Runtime Environment (8.0_171-b11) (build 1.8.0_171-b11)
# Java VM: Java HotSpot(TM) 64-Bit Server VM (25.171-b11 mixed mode linux-amd64 compressed oops)
# Problematic frame:
# V  [libjvm.so+0x6d79a8]  jni_invoke_nonstatic(JNIEnv_*, JavaValue*, _jobject*, JNICallType, _jmethodID*, JNI_ArgumentPusher*, Thread*)+0x38
#
# Failed to write core dump. Core dumps have been disabled. To enable core dumping, try "ulimit -c unlimited" before starting Java again
#
# If you would like to submit a bug report, please visit:
#   http://bugreport.java.com/bugreport/crash.jsp
#

---------------  T H R E A D  ---------------

Current thread (0x00007f35e4282000):  JavaThread "JavaFX Application Thread" [_thread_in_vm, id=6086, stack(0x00007f3598e6d000,0x00007f3598f6e000)]

siginfo: si_signo: 11 (SIGSEGV), si_code: 128 (SI_KERNEL), si_addr: 0x0000000000000000

Registers:
RAX=0x00007f3598f6a2a0, RBX=0x00007f3598f6a1b0, RCX=0x0000000000000001, RDX=0x732f78666176616a
RSP=0x00007f3598f6a000, RBP=0x00007f3598f6a180, RSI=0x00007f3598f6a210, RDI=0x00007f35e42821f8
R8 =0x00007f35e424c308, R9 =0x00007f3598f6a1b0, R10=0x00007f358c000cd8, R11=0x0000000000000000
R12=0x00007f35e4282000, R13=0x00007f35e424c308, R14=0x0000000000000001, R15=0x00007f35e42821f8
RIP=0x00007f35e8b029a8, EFLAGS=0x0000000000010206, CSGSFS=0x002b000000000033, ERR=0x0000000000000000
  TRAPNO=0x000000000000000d

Top of Stack: (sp=0x00007f3598f6a000)
0x00007f3598f6a000:   00007f3598f6a6b0 00007f3598f6a320
0x00007f3598f6a010:   00007f3598f6a060 00007f3598f6a0e0
0x00007f3598f6a020:   00007f3598f6a1b0 00007f3598f6a210
0x00007f3598f6a030:   00007f35e42821f8 00007f35e8b224b0
0x00007f3598f6a040:   00007f35b0011e50 00007f35b0011e60
0x00007f3598f6a050:   00007f35b0012238 00000000000003d8
0x00007f3598f6a060:   00007f35e4282af8 00000000ec10a2a0
0x00007f3598f6a070:   00007f350000006f 00007f350000000a
0x00007f3598f6a080:   00000000ecb2bef0 00007f3500000000
0x00007f3598f6a090:   00007f358c228d40 00007f3598f6a0e0
0x00007f3598f6a0a0:   00007f35d3468c30 0000000100000100
0x00007f3598f6a0b0:   00007f35d34f0748 00007f3598f6a068
0x00007f3598f6a0c0:   00007f3598f6a0a9 0000000800000005
0x00007f3598f6a0d0:   00007f35d350ef00 00007f35e41f8360
0x00007f3598f6a0e0:   00007f35e93967b0 00007f35e9ea87a0
0x00007f3598f6a0f0:   00000000e41f8320 00007f35e4282000
0x00007f3598f6a100:   0000000000000000 00007f35e8b02d7b
0x00007f3598f6a110:   00007f35d3472d78 00007f35e4282000
0x00007f3598f6a120:   00007f35d3472d78 00007f35e4282000
0x00007f3598f6a130:   00007f3598f6a2c0 00007f35d3472d78
0x00007f3598f6a140:   00007f35d3472d78 00007f35d3472d78
0x00007f3598f6a150:   00007f35b0011e50 00007f3598f6a1b0
0x00007f3598f6a160:   00007f35e4282000 00007f3598f6a1f0
0x00007f3598f6a170:   00007f35e424c308 00007f35e42821f8
0x00007f3598f6a180:   00007f3598f6a270 00007f35e8b0714f
0x00007f3598f6a190:   00007f35e4282000 0000000000000069
0x00007f3598f6a1a0:   00007f3598f6a288 732f78666176616a
0x00007f3598f6a1b0:   00007f35e9397430 00007f35e9ea87a0
0x00007f3598f6a1c0:   0000000000000000 00007f3500000063
0x00007f3598f6a1d0:   0000000000000000 0000003000000018
0x00007f3598f6a1e0:   00007f3598f6a360 00007f3598f6a2a0
0x00007f3598f6a1f0:   00007f35e4282000 0000000000000000 

Instructions: (pc=0x00007f35e8b029a8)
0x00007f35e8b02988:   00 00 48 85 d2 48 89 bd b0 fe ff ff 48 89 b5 a8
0x00007f35e8b02998:   fe ff ff 4c 89 8d a0 fe ff ff 0f 84 78 09 00 00
0x00007f35e8b029a8:   4c 8b 22 4d 85 e4 0f 84 6c 09 00 00 48 8b 45 10
0x00007f35e8b029b8:   48 8b 98 38 01 00 00 48 83 7b 18 f7 0f 87 16 07 

Register to memory mapping:

RAX=0x00007f3598f6a2a0 is pointing into the stack for thread: 0x00007f35e4282000
RBX=0x00007f3598f6a1b0 is pointing into the stack for thread: 0x00007f35e4282000
RCX=0x0000000000000001 is an unknown value
RDX=0x732f78666176616a is an unknown value
RSP=0x00007f3598f6a000 is pointing into the stack for thread: 0x00007f35e4282000
RBP=0x00007f3598f6a180 is pointing into the stack for thread: 0x00007f35e4282000
RSI=0x00007f3598f6a210 is pointing into the stack for thread: 0x00007f35e4282000
RDI=0x00007f35e42821f8 is an unknown value
R8 =0x00007f35e424c308 is an unknown value
R9 =0x00007f3598f6a1b0 is pointing into the stack for thread: 0x00007f35e4282000
R10=0x00007f358c000cd8 is an unknown value
R11=0x0000000000000000 is an unknown value
R12=0x00007f35e4282000 is a thread
R13=0x00007f35e424c308 is an unknown value
R14=0x0000000000000001 is an unknown value
R15=0x00007f35e42821f8 is an unknown value


Stack: [0x00007f3598e6d000,0x00007f3598f6e000],  sp=0x00007f3598f6a000,  free space=1012k
Native frames: (J=compiled Java code, j=interpreted, Vv=VM code, C=native code)
V  [libjvm.so+0x6d79a8]  jni_invoke_nonstatic(JNIEnv_*, JavaValue*, _jobject*, JNICallType, _jmethodID*, JNI_ArgumentPusher*, Thread*)+0x38
V  [libjvm.so+0x6dc14f]  jni_CallVoidMethodV+0x10f
C  [libglass.so+0x18641]  JNIEnv_::CallVoidMethod(_jobject*, _jmethodID*, ...)+0x81
C  [libglass.so+0x14f0f]  WindowContextBase::process_key(_GdkEventKey*)+0x20f
C  [libglass.so+0x19f60]  WindowContextBase::im_filter_keypress(_GdkEventKey*)+0x1c0
C  [libglass.so+0x1a91c]  process_events(_GdkEvent*, void*)+0x22c
C  [libgdk-x11-2.0.so.0+0x58fec]

Java frames: (J=compiled Java code, j=interpreted, Vv=VM code)
j  com.sun.glass.ui.gtk.GtkApplication.enterNestedEventLoopImpl()V+0
j  com.sun.glass.ui.gtk.GtkApplication._enterNestedEventLoop()Ljava/lang/Object;+15
j  com.sun.glass.ui.Application.enterNestedEventLoop()Ljava/lang/Object;+14
j  com.sun.glass.ui.EventLoop.enter()Ljava/lang/Object;+42
j  com.sun.javafx.tk.quantum.QuantumToolkit.enterNestedEventLoop(Ljava/lang/Object;)Ljava/lang/Object;+107
j  javafx.stage.Stage.showAndWait()V+93
j  controle.FrmAlteracaoPrecoController.abrirPesquisa()V+78
j  controle.FrmAlteracaoPrecoController.lambda$initialize$1(Ljavafx/scene/input/KeyEvent;)V+31
j  controle.FrmAlteracaoPrecoController$$Lambda$219.handle(Ljavafx/event/Event;)V+8
j  com.sun.javafx.event.CompositeEventHandler.dispatchBubblingEvent(Ljavafx/event/Event;)V+51
J 2079 C1 com.sun.javafx.event.EventHandlerManager.dispatchBubblingEvent(Ljavafx/event/Event;)Ljavafx/event/Event; (23 bytes) @ 0x00007f35d45630a4 [0x00007f35d4562a00+0x6a4]
J 2078 C1 com.sun.javafx.event.CompositeEventDispatcher.dispatchBubblingEvent(Ljavafx/event/Event;)Ljavafx/event/Event; (35 bytes) @ 0x00007f35d456235c [0x00007f35d45621a0+0x1bc]
J 2032 C1 com.sun.javafx.event.BasicEventDispatcher.dispatchEvent(Ljavafx/event/Event;Ljavafx/event/EventDispatchChain;)Ljavafx/event/Event; (44 bytes) @ 0x00007f35d454cc3c [0x00007f35d454c900+0x33c]
J 1170 C1 com.sun.javafx.event.EventDispatchChainImpl.dispatchEvent(Ljavafx/event/Event;)Ljavafx/event/Event; (101 bytes) @ 0x00007f35d436a284 [0x00007f35d436a0e0+0x1a4]
J 2032 C1 com.sun.javafx.event.BasicEventDispatcher.dispatchEvent(Ljavafx/event/Event;Ljavafx/event/EventDispatchChain;)Ljavafx/event/Event; (44 bytes) @ 0x00007f35d454cb54 [0x00007f35d454c900+0x254]
J 1170 C1 com.sun.javafx.event.EventDispatchChainImpl.dispatchEvent(Ljavafx/event/Event;)Ljavafx/event/Event; (101 bytes) @ 0x00007f35d436a284 [0x00007f35d436a0e0+0x1a4]
J 2032 C1 com.sun.javafx.event.BasicEventDispatcher.dispatchEvent(Ljavafx/event/Event;Ljavafx/event/EventDispatchChain;)Ljavafx/event/Event; (44 bytes) @ 0x00007f35d454cb54 [0x00007f35d454c900+0x254]
J 1170 C1 com.sun.javafx.event.EventDispatchChainImpl.dispatchEvent(Ljavafx/event/Event;)Ljavafx/event/Event; (101 bytes) @ 0x00007f35d436a284 [0x00007f35d436a0e0+0x1a4]
J 2032 C1 com.sun.javafx.event.BasicEventDispatcher.dispatchEvent(Ljavafx/event/Event;Ljavafx/event/EventDispatchChain;)Ljavafx/event/Event; (44 bytes) @ 0x00007f35d454cb54 [0x00007f35d454c900+0x254]
J 1170 C1 com.sun.javafx.event.EventDispatchChainImpl.dispatchEvent(Ljavafx/event/Event;)Ljavafx/event/Event; (101 bytes) @ 0x00007f35d436a284 [0x00007f35d436a0e0+0x1a4]
j  com.sun.javafx.event.EventUtil.fireEventImpl(Ljavafx/event/EventDispatchChain;Ljavafx/event/EventTarget;Ljavafx/event/Event;)Ljavafx/event/Event;+10
j  com.sun.javafx.event.EventUtil.fireEvent(Ljavafx/event/EventTarget;Ljavafx/event/Event;)Ljavafx/event/Event;+46
j  javafx.event.Event.fireEvent(Ljavafx/event/EventTarget;Ljavafx/event/Event;)V+30
j  javafx.scene.Scene$KeyHandler.process(Ljavafx/scene/input/KeyEvent;)V+23
j  javafx.scene.Scene$KeyHandler.access$1800(Ljavafx/scene/Scene$KeyHandler;Ljavafx/scene/input/KeyEvent;)V+2
j  javafx.scene.Scene.impl_processKeyEvent(Ljavafx/scene/input/KeyEvent;)V+28
j  javafx.scene.Scene$ScenePeerListener.keyEvent(Ljavafx/scene/input/KeyEvent;)V+5
j  com.sun.javafx.tk.quantum.GlassViewEventHandler$KeyEventNotification.run()Ljava/lang/Void;+357
j  com.sun.javafx.tk.quantum.GlassViewEventHandler$KeyEventNotification.run()Ljava/lang/Object;+1
v  ~StubRoutines::call_stub
J 1998  java.security.AccessController.doPrivileged(Ljava/security/PrivilegedAction;Ljava/security/AccessControlContext;)Ljava/lang/Object; (0 bytes) @ 0x00007f35d4542363 [0x00007f35d4542300+0x63]
j  com.sun.javafx.tk.quantum.GlassViewEventHandler.lambda$handleKeyEvent$352()Ljava/lang/Void;+11
j  com.sun.javafx.tk.quantum.GlassViewEventHandler$$Lambda$307.get()Ljava/lang/Object;+4
j  com.sun.javafx.tk.quantum.QuantumToolkit.runWithoutRenderLock(Ljava/util/function/Supplier;)Ljava/lang/Object;+18
j  com.sun.javafx.tk.quantum.GlassViewEventHandler.handleKeyEvent(Lcom/sun/glass/ui/View;JII[CI)V+58
j  com.sun.glass.ui.View.handleKeyEvent(JII[CI)V+20
j  com.sun.glass.ui.View.notifyKey(II[CI)V+9
v  ~StubRoutines::call_stub
j  com.sun.glass.ui.gtk.GtkApplication._runLoop(Ljava/lang/Runnable;Z)V+0
j  com.sun.glass.ui.gtk.GtkApplication.lambda$null$48(Ljava/lang/Runnable;Z)V+7
j  com.sun.glass.ui.gtk.GtkApplication$$Lambda$41.run()V+12
j  java.lang.Thread.run()V+11
v  ~StubRoutines::call_stub

---------------  P R O C E S S  ---------------

Java Threads: ( => current thread )
  0x00007f358c2bc800 JavaThread "Prism Font Disposer" daemon [_thread_blocked, id=6088, stack(0x00007f358860e000,0x00007f358870f000)]
  0x00007f35e4286000 JavaThread "JavaFX-Launcher" [_thread_blocked, id=6087, stack(0x00007f3598d6c000,0x00007f3598e6d000)]
=>0x00007f35e4282000 JavaThread "JavaFX Application Thread" [_thread_in_vm, id=6086, stack(0x00007f3598e6d000,0x00007f3598f6e000)]
  0x00007f35e427e000 JavaThread "Thread-1" daemon [_thread_blocked, id=6085, stack(0x00007f3598f6e000,0x00007f359906f000)]
  0x00007f35e423b800 JavaThread "QuantumRenderer-0" daemon [_thread_blocked, id=6084, stack(0x00007f35d1917000,0x00007f35d1a18000)]
  0x00007f35e4142000 JavaThread "Service Thread" daemon [_thread_blocked, id=6082, stack(0x00007f35d1bae000,0x00007f35d1caf000)]
  0x00007f35e413f000 JavaThread "C1 CompilerThread1" daemon [_thread_blocked, id=6081, stack(0x00007f35d1caf000,0x00007f35d1db0000)]
  0x00007f35e413c000 JavaThread "C2 CompilerThread0" daemon [_thread_blocked, id=6080, stack(0x00007f35d1db0000,0x00007f35d1eb1000)]
  0x00007f35e413b000 JavaThread "Signal Dispatcher" daemon [_thread_blocked, id=6079, stack(0x00007f35d1eb1000,0x00007f35d1fb2000)]
  0x00007f35e4108000 JavaThread "Finalizer" daemon [_thread_blocked, id=6078, stack(0x00007f35d214d000,0x00007f35d224e000)]
  0x00007f35e4103000 JavaThread "Reference Handler" daemon [_thread_blocked, id=6077, stack(0x00007f35d224e000,0x00007f35d234f000)]
  0x00007f35e400b000 JavaThread "main" [_thread_blocked, id=6073, stack(0x00007f35e9efd000,0x00007f35e9ffe000)]

Other Threads:
  0x00007f35e40fb800 VMThread [stack: 0x00007f35d234f000,0x00007f35d2450000] [id=6076]
  0x00007f35e4146800 WatcherThread [stack: 0x00007f35d1aad000,0x00007f35d1bae000] [id=6083]

VM state:not at safepoint (normal execution)

VM Mutex/Monitor currently owned by a thread: None

Heap:
 PSYoungGen      total 17920K, used 12066K [0x00000000ec100000, 0x00000000ed500000, 0x0000000100000000)
  eden space 15360K, 78% used [0x00000000ec100000,0x00000000eccc8a90,0x00000000ed000000)
  from space 2560K, 0% used [0x00000000ed280000,0x00000000ed280000,0x00000000ed500000)
  to   space 2560K, 0% used [0x00000000ed000000,0x00000000ed000000,0x00000000ed280000)
 ParOldGen       total 39424K, used 9185K [0x00000000c4200000, 0x00000000c6880000, 0x00000000ec100000)
  object space 39424K, 23% used [0x00000000c4200000,0x00000000c4af8748,0x00000000c6880000)
 Metaspace       used 21469K, capacity 22874K, committed 23088K, reserved 1069056K
  class space    used 3009K, capacity 3304K, committed 3376K, reserved 1048576K

Card table byte_map: [0x00007f35d39c3000,0x00007f35d3ba3000] byte_map_base: 0x00007f35d33a2000

Marking Bits: (ParMarkBitMap*) 0x00007f35e93fb280
 Begin Bits: [0x00007f35c1992000, 0x00007f35c288a000)
 End Bits:   [0x00007f35c288a000, 0x00007f35c3782000)

Polling page: 0x00007f35ea01d000

CodeCache: size=245760Kb used=9136Kb max_used=9136Kb free=236623Kb
 bounds [0x00007f35d3f63000, 0x00007f35d4863000, 0x00007f35e2f63000]
 total_blobs=3652 nmethods=2988 adapters=578
 compilation: enabled

Compilation events (10 events):
Event: 20,931 Thread 0x00007f35e413f000 2983       3       com.sun.prism.es2.GLContext::bindTexture (9 bytes)
Event: 20,931 Thread 0x00007f35e413f000 nmethod 2983 0x00007f35d484f650 code [0x00007f35d484f7c0, 0x00007f35d484f948]
Event: 20,938 Thread 0x00007f35e413f000 2985       3       javafx.scene.control.TableView::getSelectionModel (11 bytes)
Event: 20,939 Thread 0x00007f35e413f000 nmethod 2985 0x00007f35d4850e50 code [0x00007f35d4850fc0, 0x00007f35d48512c8]
Event: 20,939 Thread 0x00007f35e413f000 2986       3       javafx.collections.WeakListChangeListener::onChanged (36 bytes)
Event: 20,940 Thread 0x00007f35e413f000 nmethod 2986 0x00007f35d484cb10 code [0x00007f35d484cca0, 0x00007f35d484d218]
Event: 20,940 Thread 0x00007f35e413f000 2987       3       javafx.scene.control.Cell::isEmpty (8 bytes)
Event: 20,941 Thread 0x00007f35e413f000 nmethod 2987 0x00007f35d4850850 code [0x00007f35d48509c0, 0x00007f35d4850d28]
Event: 20,941 Thread 0x00007f35e413f000 2988       3       javafx.collections.ListChangeListener$Change::wasPermutated (14 bytes)
Event: 20,941 Thread 0x00007f35e413f000 nmethod 2988 0x00007f35d484c690 code [0x00007f35d484c800, 0x00007f35d484ca68]

GC Heap History (10 events):
Event: 1,975 GC heap before
{Heap before GC invocations=1 (full 0):
 PSYoungGen      total 17920K, used 15360K [0x00000000ec100000, 0x00000000ed500000, 0x0000000100000000)
  eden space 15360K, 100% used [0x00000000ec100000,0x00000000ed000000,0x00000000ed000000)
  from space 2560K, 0% used [0x00000000ed280000,0x00000000ed280000,0x00000000ed500000)
  to   space 2560K, 0% used [0x00000000ed000000,0x00000000ed000000,0x00000000ed280000)
 ParOldGen       total 40960K, used 0K [0x00000000c4200000, 0x00000000c6a00000, 0x00000000ec100000)
  object space 40960K, 0% used [0x00000000c4200000,0x00000000c4200000,0x00000000c6a00000)
 Metaspace       used 9436K, capacity 9820K, committed 10112K, reserved 1058816K
  class space    used 1177K, capacity 1306K, committed 1408K, reserved 1048576K
Event: 1,987 GC heap after
Heap after GC invocations=1 (full 0):
 PSYoungGen      total 17920K, used 2528K [0x00000000ec100000, 0x00000000ed500000, 0x0000000100000000)
  eden space 15360K, 0% used [0x00000000ec100000,0x00000000ec100000,0x00000000ed000000)
  from space 2560K, 98% used [0x00000000ed000000,0x00000000ed278050,0x00000000ed280000)
  to   space 2560K, 0% used [0x00000000ed280000,0x00000000ed280000,0x00000000ed500000)
 ParOldGen       total 40960K, used 276K [0x00000000c4200000, 0x00000000c6a00000, 0x00000000ec100000)
  object space 40960K, 0% used [0x00000000c4200000,0x00000000c4245008,0x00000000c6a00000)
 Metaspace       used 9436K, capacity 9820K, committed 10112K, reserved 1058816K
  class space    used 1177K, capacity 1306K, committed 1408K, reserved 1048576K
}
Event: 3,818 GC heap before
{Heap before GC invocations=2 (full 0):
 PSYoungGen      total 17920K, used 16934K [0x00000000ec100000, 0x00000000ed500000, 0x0000000100000000)
  eden space 15360K, 93% used [0x00000000ec100000,0x00000000ecf11900,0x00000000ed000000)
  from space 2560K, 98% used [0x00000000ed000000,0x00000000ed278050,0x00000000ed280000)
  to   space 2560K, 0% used [0x00000000ed280000,0x00000000ed280000,0x00000000ed500000)
 ParOldGen       total 40960K, used 276K [0x00000000c4200000, 0x00000000c6a00000, 0x00000000ec100000)
  object space 40960K, 0% used [0x00000000c4200000,0x00000000c4245008,0x00000000c6a00000)
 Metaspace       used 15486K, capacity 16154K, committed 16256K, reserved 1062912K
  class space    used 2229K, capacity 2403K, committed 2432K, reserved 1048576K
Event: 3,835 GC heap after
Heap after GC invocations=2 (full 0):
 PSYoungGen      total 17920K, used 2545K [0x00000000ec100000, 0x00000000ed500000, 0x0000000100000000)
  eden space 15360K, 0% used [0x00000000ec100000,0x00000000ec100000,0x00000000ed000000)
  from space 2560K, 99% used [0x00000000ed280000,0x00000000ed4fc6d8,0x00000000ed500000)
  to   space 2560K, 0% used [0x00000000ed000000,0x00000000ed000000,0x00000000ed280000)
 ParOldGen       total 40960K, used 2454K [0x00000000c4200000, 0x00000000c6a00000, 0x00000000ec100000)
  object space 40960K, 5% used [0x00000000c4200000,0x00000000c44659e0,0x00000000c6a00000)
 Metaspace       used 15486K, capacity 16154K, committed 16256K, reserved 1062912K
  class space    used 2229K, capacity 2403K, committed 2432K, reserved 1048576K
}
Event: 10,681 GC heap before
{Heap before GC invocations=3 (full 0):
 PSYoungGen      total 17920K, used 17905K [0x00000000ec100000, 0x00000000ed500000, 0x0000000100000000)
  eden space 15360K, 100% used [0x00000000ec100000,0x00000000ed000000,0x00000000ed000000)
  from space 2560K, 99% used [0x00000000ed280000,0x00000000ed4fc6d8,0x00000000ed500000)
  to   space 2560K, 0% used [0x00000000ed000000,0x00000000ed000000,0x00000000ed280000)
 ParOldGen       total 40960K, used 2454K [0x00000000c4200000, 0x00000000c6a00000, 0x00000000ec100000)
  object space 40960K, 5% used [0x00000000c4200000,0x00000000c44659e0,0x00000000c6a00000)
 Metaspace       used 18705K, capacity 19816K, committed 19968K, reserved 1067008K
  class space    used 2694K, capacity 2955K, committed 3072K, reserved 1048576K
Event: 10,709 GC heap after
Heap after GC invocations=3 (full 0):
 PSYoungGen      total 17920K, used 2528K [0x00000000ec100000, 0x00000000ed500000, 0x0000000100000000)
  eden space 15360K, 0% used [0x00000000ec100000,0x00000000ec100000,0x00000000ed000000)
  from space 2560K, 98% used [0x00000000ed000000,0x00000000ed278030,0x00000000ed280000)
  to   space 2560K, 0% used [0x00000000ed280000,0x00000000ed280000,0x00000000ed500000)
 ParOldGen       total 40960K, used 6639K [0x00000000c4200000, 0x00000000c6a00000, 0x00000000ec100000)
  object space 40960K, 16% used [0x00000000c4200000,0x00000000c487bc58,0x00000000c6a00000)
 Metaspace       used 18705K, capacity 19816K, committed 19968K, reserved 1067008K
  class space    used 2694K, capacity 2955K, committed 3072K, reserved 1048576K
}
Event: 17,578 GC heap before
{Heap before GC invocations=4 (full 0):
 PSYoungGen      total 17920K, used 6583K [0x00000000ec100000, 0x00000000ed500000, 0x0000000100000000)
  eden space 15360K, 26% used [0x00000000ec100000,0x00000000ec4f5f48,0x00000000ed000000)
  from space 2560K, 98% used [0x00000000ed000000,0x00000000ed278030,0x00000000ed280000)
  to   space 2560K, 0% used [0x00000000ed280000,0x00000000ed280000,0x00000000ed500000)
 ParOldGen       total 40960K, used 6639K [0x00000000c4200000, 0x00000000c6a00000, 0x00000000ec100000)
  object space 40960K, 16% used [0x00000000c4200000,0x00000000c487bc58,0x00000000c6a00000)
 Metaspace       used 20134K, capacity 21248K, committed 21296K, reserved 1067008K
  class space    used 2853K, capacity 3089K, committed 3120K, reserved 1048576K
Event: 17,595 GC heap after
Heap after GC invocations=4 (full 0):
 PSYoungGen      total 17920K, used 2528K [0x00000000ec100000, 0x00000000ed500000, 0x0000000100000000)
  eden space 15360K, 0% used [0x00000000ec100000,0x00000000ec100000,0x00000000ed000000)
  from space 2560K, 98% used [0x00000000ed280000,0x00000000ed4f8030,0x00000000ed500000)
  to   space 2560K, 0% used [0x00000000ed000000,0x00000000ed000000,0x00000000ed280000)
 ParOldGen       total 40960K, used 7135K [0x00000000c4200000, 0x00000000c6a00000, 0x00000000ec100000)
  object space 40960K, 17% used [0x00000000c4200000,0x00000000c48f7ec8,0x00000000c6a00000)
 Metaspace       used 20134K, capacity 21248K, committed 21296K, reserved 1067008K
  class space    used 2853K, capacity 3089K, committed 3120K, reserved 1048576K
}
Event: 17,595 GC heap before
{Heap before GC invocations=5 (full 1):
 PSYoungGen      total 17920K, used 2528K [0x00000000ec100000, 0x00000000ed500000, 0x0000000100000000)
  eden space 15360K, 0% used [0x00000000ec100000,0x00000000ec100000,0x00000000ed000000)
  from space 2560K, 98% used [0x00000000ed280000,0x00000000ed4f8030,0x00000000ed500000)
  to   space 2560K, 0% used [0x00000000ed000000,0x00000000ed000000,0x00000000ed280000)
 ParOldGen       total 40960K, used 7135K [0x00000000c4200000, 0x00000000c6a00000, 0x00000000ec100000)
  object space 40960K, 17% used [0x00000000c4200000,0x00000000c48f7ec8,0x00000000c6a00000)
 Metaspace       used 20134K, capacity 21248K, committed 21296K, reserved 1067008K
  class space    used 2853K, capacity 3089K, committed 3120K, reserved 1048576K
Event: 17,744 GC heap after
Heap after GC invocations=5 (full 1):
 PSYoungGen      total 17920K, used 0K [0x00000000ec100000, 0x00000000ed500000, 0x0000000100000000)
  eden space 15360K, 0% used [0x00000000ec100000,0x00000000ec100000,0x00000000ed000000)
  from space 2560K, 0% used [0x00000000ed280000,0x00000000ed280000,0x00000000ed500000)
  to   space 2560K, 0% used [0x00000000ed000000,0x00000000ed000000,0x00000000ed280000)
 ParOldGen       total 39424K, used 9185K [0x00000000c4200000, 0x00000000c6880000, 0x00000000ec100000)
  object space 39424K, 23% used [0x00000000c4200000,0x00000000c4af8748,0x00000000c6880000)
 Metaspace       used 20134K, capacity 21248K, committed 21296K, reserved 1067008K
  class space    used 2853K, capacity 3089K, committed 3120K, reserved 1048576K
}

Deoptimization events (10 events):
Event: 9,754 Thread 0x00007f35e4282000 Uncommon trap: reason=bimorphic action=maybe_recompile pc=0x00007f35d4452a98 method=com.sun.javafx.css.SimpleSelector.applies(Ljavafx/css/Styleable;)Z @ 95
Event: 9,823 Thread 0x00007f35e4282000 Uncommon trap: reason=bimorphic action=maybe_recompile pc=0x00007f35d4452a98 method=com.sun.javafx.css.SimpleSelector.applies(Ljavafx/css/Styleable;)Z @ 95
Event: 9,832 Thread 0x00007f35e4282000 Uncommon trap: reason=bimorphic action=maybe_recompile pc=0x00007f35d4452a98 method=com.sun.javafx.css.SimpleSelector.applies(Ljavafx/css/Styleable;)Z @ 95
Event: 9,856 Thread 0x00007f35e4282000 Uncommon trap: reason=bimorphic action=maybe_recompile pc=0x00007f35d4452a98 method=com.sun.javafx.css.SimpleSelector.applies(Ljavafx/css/Styleable;)Z @ 95
Event: 10,544 Thread 0x00007f35e423b800 Uncommon trap: reason=unstable_if action=reinterpret pc=0x00007f35d43aa63c method=java.lang.StrictMath.floorOrCeil(DDDD)D @ 38
Event: 10,812 Thread 0x00007f35e4282000 Uncommon trap: reason=unstable_if action=reinterpret pc=0x00007f35d4468ce0 method=java.util.WeakHashMap.expungeStaleEntries()V @ 9
Event: 17,529 Thread 0x00007f35e4282000 Uncommon trap: reason=range_check action=make_not_entrant pc=0x00007f35d43c3bc0 method=sun.reflect.generics.parser.SignatureParser.current()C @ 34
Event: 17,875 Thread 0x00007f35e4282000 Uncommon trap: reason=unstable_if action=reinterpret pc=0x00007f35d44fc9d0 method=com.sun.javafx.css.CompoundSelector.applies(Ljavafx/css/Styleable;I[Ljava/util/Set;I)Z @ 125
Event: 18,744 Thread 0x00007f35e4282000 Uncommon trap: reason=class_check action=maybe_recompile pc=0x00007f35d4308eb8 method=java.util.HashMap.putVal(ILjava/lang/Object;Ljava/lang/Object;ZZ)Ljava/lang/Object; @ 253
Event: 19,155 Thread 0x00007f35e4282000 Uncommon trap: reason=unstable_if action=reinterpret pc=0x00007f35d46a3ca8 method=com.sun.javafx.css.SimpleSelector.stateMatches(Ljavafx/css/Styleable;Ljava/util/Set;)Z @ 1

Classes redefined (0 events):
No events

Internal exceptions (10 events):
Event: 2,188 Thread 0x00007f35e4282000 Exception <a 'java/lang/ArrayIndexOutOfBoundsException'> (0x00000000ec2cacd8) thrown at [/HUDSON/workspace/8-2-build-linux-amd64/jdk8u171/10807/hotspot/src/share/vm/runtime/sharedRuntime.cpp, line 605]
Event: 2,189 Thread 0x00007f35e4282000 Exception <a 'java/lang/ArrayIndexOutOfBoundsException'> (0x00000000ec2cc080) thrown at [/HUDSON/workspace/8-2-build-linux-amd64/jdk8u171/10807/hotspot/src/share/vm/runtime/sharedRuntime.cpp, line 605]
Event: 2,193 Thread 0x00007f35e4282000 Exception <a 'java/lang/ArrayIndexOutOfBoundsException'> (0x00000000ec2ce568) thrown at [/HUDSON/workspace/8-2-build-linux-amd64/jdk8u171/10807/hotspot/src/share/vm/runtime/sharedRuntime.cpp, line 605]
Event: 2,315 Thread 0x00007f35e4282000 Exception <a 'java/lang/ArrayIndexOutOfBoundsException'> (0x00000000ec414df8) thrown at [/HUDSON/workspace/8-2-build-linux-amd64/jdk8u171/10807/hotspot/src/share/vm/runtime/sharedRuntime.cpp, line 605]
Event: 3,286 Thread 0x00007f35e4282000 Implicit null exception at 0x00007f35d41c5635 to 0x00007f35d41c5851
Event: 8,933 Thread 0x00007f35e4282000 Implicit null exception at 0x00007f35d41e5cf5 to 0x00007f35d41e6091
Event: 17,529 Thread 0x00007f35e4282000 Exception <a 'java/lang/ArrayIndexOutOfBoundsException': 79> (0x00000000ec446ef0) thrown at [/HUDSON/workspace/8-2-build-linux-amd64/jdk8u171/10807/hotspot/src/share/vm/interpreter/interpreterRuntime.cpp, line 366]
Event: 17,529 Thread 0x00007f35e4282000 Exception <a 'java/lang/ArrayIndexOutOfBoundsException': 52> (0x00000000ec447ef0) thrown at [/HUDSON/workspace/8-2-build-linux-amd64/jdk8u171/10807/hotspot/src/share/vm/interpreter/interpreterRuntime.cpp, line 366]
Event: 17,532 Thread 0x00007f35e4282000 Exception <a 'java/lang/ArrayIndexOutOfBoundsException'> (0x00000000ec449760) thrown at [/HUDSON/workspace/8-2-build-linux-amd64/jdk8u171/10807/hotspot/src/share/vm/runtime/sharedRuntime.cpp, line 605]
Event: 19,155 Thread 0x00007f35e4282000 Implicit null exception at 0x00007f35d46a34eb to 0x00007f35d46a3c7d

Events (10 events):
Event: 19,202 loading class com/sun/javafx/scene/control/skin/TableCellSkinBase
Event: 19,202 loading class com/sun/javafx/scene/control/skin/TableCellSkinBase done
Event: 20,933 loading class javafx/scene/input/KeyEvent$2
Event: 20,933 loading class javafx/scene/input/KeyEvent$2 done
Event: 20,936 loading class com/sun/javafx/collections/MappingChange$2
Event: 20,936 loading class com/sun/javafx/collections/MappingChange$2 done
Event: 20,936 loading class com/sun/javafx/scene/control/ReadOnlyUnbackedObservableList$1
Event: 20,937 loading class com/sun/javafx/scene/control/ReadOnlyUnbackedObservableList$1 done
Event: 20,937 loading class com/sun/javafx/scene/control/ReadOnlyUnbackedObservableList$SelectionListIterator
Event: 20,937 loading class com/sun/javafx/scene/control/ReadOnlyUnbackedObservableList$SelectionListIterator done


Dynamic libraries:
00400000-00401000 r-xp 00000000 08:01 1207411                            /home/administrador/Downloads/jdk1.8.0_171/bin/java
00600000-00601000 rw-p 00000000 08:01 1207411                            /home/administrador/Downloads/jdk1.8.0_171/bin/java
01ec3000-01ee4000 rw-p 00000000 00:00 0                                  [heap]
c4200000-c6880000 rw-p 00000000 00:00 0 
c6880000-ec100000 ---p 00000000 00:00 0 
ec100000-ed500000 rw-p 00000000 00:00 0 
ed500000-100000000 ---p 00000000 00:00 0 
100000000-10034c000 rw-p 00000000 00:00 0 
10034c000-140000000 ---p 00000000 00:00 0 
7f3587680000-7f3587840000 rw-s 101902000 00:06 375                       /dev/dri/card0
7f3587840000-7f3587a00000 rw-s 00000000 00:18 348                        /i915 (deleted)
7f3587a00000-7f3587b40000 rw-p 00000000 00:00 0 
7f3587b40000-7f3587c00000 ---p 00000000 00:00 0 
7f3587c00000-7f3587c0a000 r--s 00116000 08:01 1640582                    /home/administrador/Downloads/jdk1.8.0_171/jre/lib/ext/localedata.jar
7f3587c0a000-7f3587c26000 r--s 00393000 08:01 1640575                    /home/administrador/Downloads/jdk1.8.0_171/jre/lib/ext/cldrdata.jar
7f3587c26000-7f3587c36000 rw-s 00000000 00:18 392                        /i915 (deleted)
7f3587c36000-7f3587c96000 rw-s 00000000 00:18 375                        /i915 (deleted)
7f3587c96000-7f3587ca2000 rw-s 00000000 00:18 373                        /i915 (deleted)
7f3587ca2000-7f3587ea2000 rw-p 00000000 00:00 0 
7f3587ea2000-7f35880a2000 rw-p 00000000 00:00 0 
7f35880a2000-7f35880aa000 rw-s 00000000 00:18 364                        /i915 (deleted)
7f35880aa000-7f358822a000 rw-s 00000000 00:18 434                        /i915 (deleted)
7f358822a000-7f3588232000 rw-s 00000000 00:18 440                        /i915 (deleted)
7f3588232000-7f35883b2000 rw-s 101782000 00:06 375                       /dev/dri/card0
7f35883b2000-7f35883c2000 rw-s 00000000 00:18 433                        /i915 (deleted)
7f35883c2000-7f358840e000 r--p 00000000 08:01 788608                     /usr/share/fonts/truetype/noto/NotoSans-Bold.ttf
7f358840e000-7f358860e000 rw-p 00000000 00:00 0 
7f358860e000-7f3588611000 ---p 00000000 00:00 0 
7f3588611000-7f358870f000 rw-p 00000000 00:00 0 
7f358870f000-7f35887ba000 r--p 00000000 08:01 1478619                    /home/administrador/Downloads/jdk1.8.0_171/jre/lib/fonts/LucidaSansRegular.ttf
7f35887ba000-7f35887be000 r-xp 00000000 08:01 1326984                    /home/administrador/Downloads/jdk1.8.0_171/jre/lib/amd64/libjavafx_font_pango.so
7f35887be000-7f35889bd000 ---p 00004000 08:01 1326984                    /home/administrador/Downloads/jdk1.8.0_171/jre/lib/amd64/libjavafx_font_pango.so
7f35889bd000-7f35889be000 rw-p 00003000 08:01 1326984                    /home/administrador/Downloads/jdk1.8.0_171/jre/lib/amd64/libjavafx_font_pango.so
7f35889be000-7f35889ee000 r-xp 00000000 08:01 267656                     /usr/lib/x86_64-linux-gnu/gtk-2.0/2.10.0/engines/libmurrine.so
7f35889ee000-7f3588bee000 ---p 00030000 08:01 267656                     /usr/lib/x86_64-linux-gnu/gtk-2.0/2.10.0/engines/libmurrine.so
7f3588bee000-7f3588bef000 r--p 00030000 08:01 267656                     /usr/lib/x86_64-linux-gnu/gtk-2.0/2.10.0/engines/libmurrine.so
7f3588bef000-7f3588bf0000 rw-p 00031000 08:01 267656                     /usr/lib/x86_64-linux-gnu/gtk-2.0/2.10.0/engines/libmurrine.so
7f3588bf0000-7f3588bf2000 r-xp 00000000 08:01 267649                     /usr/lib/x86_64-linux-gnu/gtk-2.0/2.10.0/engines/libadwaita.so
7f3588bf2000-7f3588df2000 ---p 00002000 08:01 267649                     /usr/lib/x86_64-linux-gnu/gtk-2.0/2.10.0/engines/libadwaita.so
7f3588df2000-7f3588df3000 r--p 00002000 08:01 267649                     /usr/lib/x86_64-linux-gnu/gtk-2.0/2.10.0/engines/libadwaita.so
7f3588df3000-7f3588df4000 rw-p 00003000 08:01 267649                     /usr/lib/x86_64-linux-gnu/gtk-2.0/2.10.0/engines/libadwaita.so
7f3588df4000-7f3588dfe000 r-xp 00000000 08:01 266647                     /usr/lib/x86_64-linux-gnu/gtk-2.0/2.10.0/engines/libpixmap.so
7f3588dfe000-7f3588ffd000 ---p 0000a000 08:01 266647                     /usr/lib/x86_64-linux-gnu/gtk-2.0/2.10.0/engines/libpixmap.so
7f3588ffd000-7f3588ffe000 r--p 00009000 08:01 266647                     /usr/lib/x86_64-linux-gnu/gtk-2.0/2.10.0/engines/libpixmap.so
7f3588ffe000-7f3588fff000 rw-p 0000a000 08:01 266647                     /usr/lib/x86_64-linux-gnu/gtk-2.0/2.10.0/engines/libpixmap.so
7f3588fff000-7f358c000000 rw-p 00000000 00:00 0 
7f358c000000-7f358c85f000 rw-p 00000000 00:00 0 
7f358c85f000-7f3590000000 ---p 00000000 00:00 0 
7f3590000000-7f3590021000 rw-p 00000000 00:00 0 
7f3590021000-7f3594000000 ---p 00000000 00:00 0 
7f3594000000-7f3594021000 rw-p 00000000 00:00 0 
7f3594021000-7f3598000000 ---p 00000000 00:00 0 
7f3598003000-7f3598007000 rw-s 101eda000 00:06 375                       /dev/dri/card0
7f3598007000-7f359801a000 r--s 00345000 08:01 1326972                    /home/administrador/Downloads/jdk1.8.0_171/jre/lib/resources.jar
7f359801a000-7f3598065000 r--p 00000000 08:01 788611                     /usr/share/fonts/truetype/noto/NotoSans-Regular.ttf
7f3598065000-7f3598078000 r--p 00000000 08:01 1478626                    /home/administrador/Downloads/jdk1.8.0_171/jre/lib/fonts/LucidaBrightDemiBold.ttf
7f3598078000-7f35980b4000 r--p 00000000 08:01 1478624                    /home/administrador/Downloads/jdk1.8.0_171/jre/lib/fonts/LucidaTypewriterRegular.ttf
7f35980b4000-7f35980ee000 r--p 00000000 08:01 1478625                    /home/administrador/Downloads/jdk1.8.0_171/jre/lib/fonts/LucidaTypewriterBold.ttf
7f35980ee000-7f359813c000 r--p 00000000 08:01 1478621                    /home/administrador/Downloads/jdk1.8.0_171/jre/lib/fonts/LucidaSansDemiBold.ttf
7f359813c000-7f359833c000 rw-p 00000000 00:00 0 
7f359833c000-7f3598352000 r-xp 00000000 08:01 1327034                    /home/administrador/Downloads/jdk1.8.0_171/jre/lib/amd64/libnet.so
7f3598352000-7f3598552000 ---p 00016000 08:01 1327034                    /home/administrador/Downloads/jdk1.8.0_171/jre/lib/amd64/libnet.so
7f3598552000-7f3598553000 rw-p 00016000 08:01 1327034                    /home/administrador/Downloads/jdk1.8.0_171/jre/lib/amd64/libnet.so
7f3598553000-7f3598564000 r-xp 00000000 08:01 1327037                    /home/administrador/Downloads/jdk1.8.0_171/jre/lib/amd64/libnio.so
7f3598564000-7f3598763000 ---p 00011000 08:01 1327037                    /home/administrador/Downloads/jdk1.8.0_171/jre/lib/amd64/libnio.so
7f3598763000-7f3598764000 rw-p 00010000 08:01 1327037                    /home/administrador/Downloads/jdk1.8.0_171/jre/lib/amd64/libnio.so
7f3598764000-7f3598769000 r-xp 00000000 08:01 1326987                    /home/administrador/Downloads/jdk1.8.0_171/jre/lib/amd64/libjavafx_font_freetype.so
7f3598769000-7f3598968000 ---p 00005000 08:01 1326987                    /home/administrador/Downloads/jdk1.8.0_171/jre/lib/amd64/libjavafx_font_freetype.so
7f3598968000-7f3598969000 rw-p 00004000 08:01 1326987                    /home/administrador/Downloads/jdk1.8.0_171/jre/lib/amd64/libjavafx_font_freetype.so
7f3598969000-7f359896c000 r-xp 00000000 08:01 1327035                    /home/administrador/Downloads/jdk1.8.0_171/jre/lib/amd64/libjavafx_font.so
7f359896c000-7f3598b6b000 ---p 00003000 08:01 1327035                    /home/administrador/Downloads/jdk1.8.0_171/jre/lib/amd64/libjavafx_font.so
7f3598b6b000-7f3598b6c000 rw-p 00002000 08:01 1327035                    /home/administrador/Downloads/jdk1.8.0_171/jre/lib/amd64/libjavafx_font.so
7f3598b6c000-7f3598d6c000 rw-p 00000000 00:00 0 
7f3598d6c000-7f3598d6f000 ---p 00000000 00:00 0 
7f3598d6f000-7f3598e6d000 rw-p 00000000 00:00 0 
7f3598e6d000-7f3598e70000 ---p 00000000 00:00 0 
7f3598e70000-7f3598f6e000 rw-p 00000000 00:00 0 
7f3598f6e000-7f3598f71000 ---p 00000000 00:00 0 
7f3598f71000-7f359906f000 rw-p 00000000 00:00 0 
7f359906f000-7f3599098000 r-xp 00000000 08:01 1327009                    /home/administrador/Downloads/jdk1.8.0_171/jre/lib/amd64/libglass.so
7f3599098000-7f3599297000 ---p 00029000 08:01 1327009                    /home/administrador/Downloads/jdk1.8.0_171/jre/lib/amd64/libglass.so
7f3599297000-7f359929a000 rw-p 00028000 08:01 1327009                    /home/administrador/Downloads/jdk1.8.0_171/jre/lib/amd64/libglass.so
7f359929a000-7f35992d1000 r-xp 00000000 08:01 145907                     /usr/lib/x86_64-linux-gnu/libtxc_dxtn_s2tc.so.0.0.0
7f35992d1000-7f35994d0000 ---p 00037000 08:01 145907                     /usr/lib/x86_64-linux-gnu/libtxc_dxtn_s2tc.so.0.0.0
7f35994d0000-7f35994d1000 r--p 00036000 08:01 145907                     /usr/lib/x86_64-linux-gnu/libtxc_dxtn_s2tc.so.0.0.0
7f35994d1000-7f35994d2000 rw-p 00037000 08:01 145907                     /usr/lib/x86_64-linux-gnu/libtxc_dxtn_s2tc.so.0.0.0
7f35994d2000-7f35994da000 r-xp 00000000 08:01 145643                     /usr/lib/x86_64-linux-gnu/libpciaccess.so.0.11.1
7f35994da000-7f35996da000 ---p 00008000 08:01 145643                     /usr/lib/x86_64-linux-gnu/libpciaccess.so.0.11.1
7f35996da000-7f35996db000 r--p 00008000 08:01 145643                     /usr/lib/x86_64-linux-gnu/libpciaccess.so.0.11.1
7f35996db000-7f35996dc000 rw-p 00009000 08:01 145643                     /usr/lib/x86_64-linux-gnu/libpciaccess.so.0.11.1
7f35996dc000-7f35996f0000 r-xp 00000000 08:01 393782                     /lib/x86_64-linux-gnu/libgpg-error.so.0.22.0
7f35996f0000-7f35998ef000 ---p 00014000 08:01 393782                     /lib/x86_64-linux-gnu/libgpg-error.so.0.22.0
7f35998ef000-7f35998f0000 r--p 00013000 08:01 393782                     /lib/x86_64-linux-gnu/libgpg-error.so.0.22.0
7f35998f0000-7f35998f1000 rw-p 00014000 08:01 393782                     /lib/x86_64-linux-gnu/libgpg-error.so.0.22.0
7f35998f1000-7f35998fc000 r-xp 00000000 08:01 144910                     /usr/lib/x86_64-linux-gnu/libdrm_radeon.so.1.0.1
7f35998fc000-7f3599afb000 ---p 0000b000 08:01 144910                     /usr/lib/x86_64-linux-gnu/libdrm_radeon.so.1.0.1
7f3599afb000-7f3599afc000 r--p 0000a000 08:01 144910                     /usr/lib/x86_64-linux-gnu/libdrm_radeon.so.1.0.1
7f3599afc000-7f3599afd000 rw-p 0000b000 08:01 144910                     /usr/lib/x86_64-linux-gnu/libdrm_radeon.so.1.0.1
7f3599afd000-7f3599b04000 r-xp 00000000 08:01 144908                     /usr/lib/x86_64-linux-gnu/libdrm_nouveau.so.2.0.0
7f3599b04000-7f3599d03000 ---p 00007000 08:01 144908                     /usr/lib/x86_64-linux-gnu/libdrm_nouveau.so.2.0.0
7f3599d03000-7f3599d04000 r--p 00006000 08:01 144908                     /usr/lib/x86_64-linux-gnu/libdrm_nouveau.so.2.0.0
7f3599d04000-7f3599d05000 rw-p 00007000 08:01 144908                     /usr/lib/x86_64-linux-gnu/libdrm_nouveau.so.2.0.0
7f3599d05000-7f3599d27000 r-xp 00000000 08:01 144906                     /usr/lib/x86_64-linux-gnu/libdrm_intel.so.1.0.0
7f3599d27000-7f3599f27000 ---p 00022000 08:01 144906                     /usr/lib/x86_64-linux-gnu/libdrm_intel.so.1.0.0
7f3599f27000-7f3599f28000 r--p 00022000 08:01 144906                     /usr/lib/x86_64-linux-gnu/libdrm_intel.so.1.0.0
7f3599f28000-7f3599f29000 rw-p 00023000 08:01 144906                     /usr/lib/x86_64-linux-gnu/libdrm_intel.so.1.0.0
7f3599f29000-7f359a030000 r-xp 00000000 08:01 393778                     /lib/x86_64-linux-gnu/libgcrypt.so.20.1.8
7f359a030000-7f359a22f000 ---p 00107000 08:01 393778                     /lib/x86_64-linux-gnu/libgcrypt.so.20.1.8
7f359a22f000-7f359a231000 r--p 00106000 08:01 393778                     /lib/x86_64-linux-gnu/libgcrypt.so.20.1.8
7f359a231000-7f359a238000 rw-p 00108000 08:01 393778                     /lib/x86_64-linux-gnu/libgcrypt.so.20.1.8
7f359a238000-7f359a8df000 r-xp 00000000 08:01 266656                     /usr/lib/x86_64-linux-gnu/dri/i965_dri.so
7f359a8df000-7f359aade000 ---p 006a7000 08:01 266656                     /usr/lib/x86_64-linux-gnu/dri/i965_dri.so
7f359aade000-7f359ab20000 r--p 006a6000 08:01 266656                     /usr/lib/x86_64-linux-gnu/dri/i965_dri.so
7f359ab20000-7f359ab28000 rw-p 006e8000 08:01 266656                     /usr/lib/x86_64-linux-gnu/dri/i965_dri.so
7f359ab28000-7f359ab30000 rw-p 00000000 00:00 0 
7f359ab30000-7f359ab43000 r-xp 00000000 08:01 393735                     /lib/x86_64-linux-gnu/libbsd.so.0.8.6
7f359ab43000-7f359ad42000 ---p 00013000 08:01 393735                     /lib/x86_64-linux-gnu/libbsd.so.0.8.6
7f359ad42000-7f359ad43000 r--p 00012000 08:01 393735                     /lib/x86_64-linux-gnu/libbsd.so.0.8.6
7f359ad43000-7f359ad44000 rw-p 00013000 08:01 393735                     /lib/x86_64-linux-gnu/libbsd.so.0.8.6
7f359ad44000-7f359ad45000 rw-p 00000000 00:00 0 
7f359ad45000-7f359ad49000 r-xp 00000000 08:01 393911                     /lib/x86_64-linux-gnu/libuuid.so.1.3.0
7f359ad49000-7f359af48000 ---p 00004000 08:01 393911                     /lib/x86_64-linux-gnu/libuuid.so.1.3.0
7f359af48000-7f359af49000 r--p 00003000 08:01 393911                     /lib/x86_64-linux-gnu/libuuid.so.1.3.0
7f359af49000-7f359af4a000 rw-p 00004000 08:01 393911                     /lib/x86_64-linux-gnu/libuuid.so.1.3.0
7f359af4a000-7f359af51000 r-xp 00000000 08:01 144847                     /usr/lib/x86_64-linux-gnu/libdatrie.so.1.3.3
7f359af51000-7f359b150000 ---p 00007000 08:01 144847                     /usr/lib/x86_64-linux-gnu/libdatrie.so.1.3.3
7f359b150000-7f359b151000 r--p 00006000 08:01 144847                     /usr/lib/x86_64-linux-gnu/libdatrie.so.1.3.3
7f359b151000-7f359b152000 rw-p 00007000 08:01 144847                     /usr/lib/x86_64-linux-gnu/libdatrie.so.1.3.3
7f359b152000-7f359b157000 r-xp 00000000 08:01 144628                     /usr/lib/x86_64-linux-gnu/libXdmcp.so.6.0.0
7f359b157000-7f359b356000 ---p 00005000 08:01 144628                     /usr/lib/x86_64-linux-gnu/libXdmcp.so.6.0.0
7f359b356000-7f359b357000 r--p 00004000 08:01 144628                     /usr/lib/x86_64-linux-gnu/libXdmcp.so.6.0.0
7f359b357000-7f359b358000 rw-p 00005000 08:01 144628                     /usr/lib/x86_64-linux-gnu/libXdmcp.so.6.0.0
7f359b358000-7f359b35b000 r-xp 00000000 08:01 144617                     /usr/lib/x86_64-linux-gnu/libXau.so.6.0.0
7f359b35b000-7f359b55a000 ---p 00003000 08:01 144617                     /usr/lib/x86_64-linux-gnu/libXau.so.6.0.0
7f359b55a000-7f359b55b000 r--p 00002000 08:01 144617                     /usr/lib/x86_64-linux-gnu/libXau.so.6.0.0
7f359b55b000-7f359b55c000 rw-p 00003000 08:01 144617                     /usr/lib/x86_64-linux-gnu/libXau.so.6.0.0
7f359b55c000-7f359b587000 r-xp 00000000 08:01 145179                     /usr/lib/x86_64-linux-gnu/libgraphite2.so.3.0.1
7f359b587000-7f359b786000 ---p 0002b000 08:01 145179                     /usr/lib/x86_64-linux-gnu/libgraphite2.so.3.0.1
7f359b786000-7f359b788000 r--p 0002a000 08:01 145179                     /usr/lib/x86_64-linux-gnu/libgraphite2.so.3.0.1
7f359b788000-7f359b789000 rw-p 0002c000 08:01 145179                     /usr/lib/x86_64-linux-gnu/libgraphite2.so.3.0.1
7f359b789000-7f359b7ca000 r-xp 00000000 08:01 393733                     /lib/x86_64-linux-gnu/libblkid.so.1.1.0
7f359b7ca000-7f359b9c9000 ---p 00041000 08:01 393733                     /lib/x86_64-linux-gnu/libblkid.so.1.1.0
7f359b9c9000-7f359b9cd000 r--p 00040000 08:01 393733                     /lib/x86_64-linux-gnu/libblkid.so.1.1.0
7f359b9cd000-7f359b9ce000 rw-p 00044000 08:01 393733                     /lib/x86_64-linux-gnu/libblkid.so.1.1.0
7f359b9ce000-7f359b9cf000 rw-p 00000000 00:00 0 
7f359b9cf000-7f359b9df000 r-xp 00000000 08:01 144902                     /usr/lib/x86_64-linux-gnu/libdrm.so.2.4.0
7f359b9df000-7f359bbde000 ---p 00010000 08:01 144902                     /usr/lib/x86_64-linux-gnu/libdrm.so.2.4.0
7f359bbde000-7f359bbdf000 r--p 0000f000 08:01 144902                     /usr/lib/x86_64-linux-gnu/libdrm.so.2.4.0
7f359bbdf000-7f359bbe0000 rw-p 00010000 08:01 144902                     /usr/lib/x86_64-linux-gnu/libdrm.so.2.4.0
7f359bbe0000-7f359bbe4000 r-xp 00000000 08:01 146028                     /usr/lib/x86_64-linux-gnu/libxcb-dri2.so.0.0.0
7f359bbe4000-7f359bde3000 ---p 00004000 08:01 146028                     /usr/lib/x86_64-linux-gnu/libxcb-dri2.so.0.0.0
7f359bde3000-7f359bde4000 r--p 00003000 08:01 146028                     /usr/lib/x86_64-linux-gnu/libxcb-dri2.so.0.0.0
7f359bde4000-7f359bde5000 rw-p 00004000 08:01 146028                     /usr/lib/x86_64-linux-gnu/libxcb-dri2.so.0.0.0
7f359bde5000-7f359bdfd000 r-xp 00000000 08:01 146034                     /usr/lib/x86_64-linux-gnu/libxcb-glx.so.0.0.0
7f359bdfd000-7f359bffd000 ---p 00018000 08:01 146034                     /usr/lib/x86_64-linux-gnu/libxcb-glx.so.0.0.0
7f359bffd000-7f359bfff000 r--p 00018000 08:01 146034                     /usr/lib/x86_64-linux-gnu/libxcb-glx.so.0.0.0
7f359bfff000-7f359c000000 rw-p 0001a000 08:01 146034                     /usr/lib/x86_64-linux-gnu/libxcb-glx.so.0.0.0
7f359c000000-7f359c021000 rw-p 00000000 00:00 0 
7f359c021000-7f35a0000000 ---p 00000000 00:00 0 
7f35a0000000-7f35a2287000 rw-p 00000000 00:00 0 
7f35a2287000-7f35a4000000 ---p 00000000 00:00 0 
7f35a4000000-7f35a46b3000 rw-p 00000000 00:00 0 
7f35a46b3000-7f35a8000000 ---p 00000000 00:00 0 
7f35a8000000-7f35a8021000 rw-p 00000000 00:00 0 
7f35a8021000-7f35ac000000 ---p 00000000 00:00 0 
7f35ac000000-7f35ac021000 rw-p 00000000 00:00 0 
7f35ac021000-7f35b0000000 ---p 00000000 00:00 0 
7f35b0000000-7f35b04da000 rw-p 00000000 00:00 0 
7f35b04da000-7f35b4000000 ---p 00000000 00:00 0 
7f35b4000000-7f35b4021000 rw-p 00000000 00:00 0 
7f35b4021000-7f35b8000000 ---p 00000000 00:00 0 
7f35b8000000-7f35b8021000 rw-p 00000000 00:00 0 
7f35b8021000-7f35bc000000 ---p 00000000 00:00 0 
7f35bc000000-7f35bc021000 rw-p 00000000 00:00 0 
7f35bc021000-7f35c0000000 ---p 00000000 00:00 0 
7f35c0000000-7f35c0001000 rw-s 00000000 00:18 400                        /i915 (deleted)
7f35c0001000-7f35c0002000 rw-s 00000000 00:18 413                        /i915 (deleted)
7f35c0002000-7f35c0003000 rw-s 00000000 00:18 201                        /i915 (deleted)
7f35c0003000-7f35c0016000 r--p 00000000 08:01 1478623                    /home/administrador/Downloads/jdk1.8.0_171/jre/lib/fonts/LucidaBrightDemiItalic.ttf
7f35c0016000-7f35c006b000 r--p 00000000 08:01 1478620                    /home/administrador/Downloads/jdk1.8.0_171/jre/lib/fonts/LucidaBrightRegular.ttf
7f35c006b000-7f35c006c000 r-xp 00000000 08:01 144611                     /usr/lib/x86_64-linux-gnu/libX11-xcb.so.1.0.0
7f35c006c000-7f35c026b000 ---p 00001000 08:01 144611                     /usr/lib/x86_64-linux-gnu/libX11-xcb.so.1.0.0
7f35c026b000-7f35c026c000 r--p 00000000 08:01 144611                     /usr/lib/x86_64-linux-gnu/libX11-xcb.so.1.0.0
7f35c026c000-7f35c026d000 rw-p 00001000 08:01 144611                     /usr/lib/x86_64-linux-gnu/libX11-xcb.so.1.0.0
7f35c026d000-7f35c0297000 r-xp 00000000 08:01 145105                     /usr/lib/x86_64-linux-gnu/libglapi.so.0.0.0
7f35c0297000-7f35c0496000 ---p 0002a000 08:01 145105                     /usr/lib/x86_64-linux-gnu/libglapi.so.0.0.0
7f35c0496000-7f35c049a000 r--p 00029000 08:01 145105                     /usr/lib/x86_64-linux-gnu/libglapi.so.0.0.0
7f35c049a000-7f35c049b000 rw-p 0002d000 08:01 145105                     /usr/lib/x86_64-linux-gnu/libglapi.so.0.0.0
7f35c049b000-7f35c049c000 rw-p 00000000 00:00 0 
7f35c049c000-7f35c049d000 r-xp 00000000 08:01 146082                     /usr/lib/x86_64-linux-gnu/libxshmfence.so.1.0.0
7f35c049d000-7f35c069c000 ---p 00001000 08:01 146082                     /usr/lib/x86_64-linux-gnu/libxshmfence.so.1.0.0
7f35c069c000-7f35c069d000 r--p 00000000 08:01 146082                     /usr/lib/x86_64-linux-gnu/libxshmfence.so.1.0.0
7f35c069d000-7f35c069e000 rw-p 00001000 08:01 146082                     /usr/lib/x86_64-linux-gnu/libxshmfence.so.1.0.0
7f35c069e000-7f35c06a4000 r-xp 00000000 08:01 146054                     /usr/lib/x86_64-linux-gnu/libxcb-sync.so.1.0.0
7f35c06a4000-7f35c08a3000 ---p 00006000 08:01 146054                     /usr/lib/x86_64-linux-gnu/libxcb-sync.so.1.0.0
7f35c08a3000-7f35c08a4000 r--p 00005000 08:01 146054                     /usr/lib/x86_64-linux-gnu/libxcb-sync.so.1.0.0
7f35c08a4000-7f35c08a5000 rw-p 00006000 08:01 146054                     /usr/lib/x86_64-linux-gnu/libxcb-sync.so.1.0.0
7f35c08a5000-7f35c08a7000 r-xp 00000000 08:01 146042                     /usr/lib/x86_64-linux-gnu/libxcb-present.so.0.0.0
7f35c08a7000-7f35c0aa6000 ---p 00002000 08:01 146042                     /usr/lib/x86_64-linux-gnu/libxcb-present.so.0.0.0
7f35c0aa6000-7f35c0aa7000 r--p 00001000 08:01 146042                     /usr/lib/x86_64-linux-gnu/libxcb-present.so.0.0.0
7f35c0aa7000-7f35c0aa8000 rw-p 00002000 08:01 146042                     /usr/lib/x86_64-linux-gnu/libxcb-present.so.0.0.0
7f35c0aa8000-7f35c0aaa000 r-xp 00000000 08:01 146030                     /usr/lib/x86_64-linux-gnu/libxcb-dri3.so.0.0.0
7f35c0aaa000-7f35c0ca9000 ---p 00002000 08:01 146030                     /usr/lib/x86_64-linux-gnu/libxcb-dri3.so.0.0.0
7f35c0ca9000-7f35c0caa000 r--p 00001000 08:01 146030                     /usr/lib/x86_64-linux-gnu/libxcb-dri3.so.0.0.0
7f35c0caa000-7f35c0cab000 rw-p 00002000 08:01 146030                     /usr/lib/x86_64-linux-gnu/libxcb-dri3.so.0.0.0
7f35c0cab000-7f35c0d1d000 r-xp 00000000 08:01 393855                     /lib/x86_64-linux-gnu/libpcre.so.3.13.3
7f35c0d1d000-7f35c0f1c000 ---p 00072000 08:01 393855                     /lib/x86_64-linux-gnu/libpcre.so.3.13.3
7f35c0f1c000-7f35c0f1d000 r--p 00071000 08:01 393855                     /lib/x86_64-linux-gnu/libpcre.so.3.13.3
7f35c0f1d000-7f35c0f1e000 rw-p 00072000 08:01 393855                     /lib/x86_64-linux-gnu/libpcre.so.3.13.3
7f35c0f1e000-7f35c0f25000 r-xp 00000000 08:01 144974                     /usr/lib/x86_64-linux-gnu/libffi.so.6.0.4
7f35c0f25000-7f35c1125000 ---p 00007000 08:01 144974                     /usr/lib/x86_64-linux-gnu/libffi.so.6.0.4
7f35c1125000-7f35c1126000 r--p 00007000 08:01 144974                     /usr/lib/x86_64-linux-gnu/libffi.so.6.0.4
7f35c1126000-7f35c1127000 rw-p 00008000 08:01 144974                     /usr/lib/x86_64-linux-gnu/libffi.so.6.0.4
7f35c1127000-7f35c114f000 r-xp 00000000 08:01 393769                     /lib/x86_64-linux-gnu/libexpat.so.1.6.4
7f35c114f000-7f35c134f000 ---p 00028000 08:01 393769                     /lib/x86_64-linux-gnu/libexpat.so.1.6.4
7f35c134f000-7f35c1351000 r--p 00028000 08:01 393769                     /lib/x86_64-linux-gnu/libexpat.so.1.6.4
7f35c1351000-7f35c1352000 rw-p 0002a000 08:01 393769                     /lib/x86_64-linux-gnu/libexpat.so.1.6.4
7f35c1352000-7f35c135a000 r-xp 00000000 08:01 145884                     /usr/lib/x86_64-linux-gnu/libthai.so.0.3.0
7f35c135a000-7f35c155a000 ---p 00008000 08:01 145884                     /usr/lib/x86_64-linux-gnu/libthai.so.0.3.0
7f35c155a000-7f35c155b000 r--p 00008000 08:01 145884                     /usr/lib/x86_64-linux-gnu/libthai.so.0.3.0
7f35c155b000-7f35c155c000 rw-p 00009000 08:01 145884                     /usr/lib/x86_64-linux-gnu/libthai.so.0.3.0
7f35c155c000-7f35c1568000 r-xp 00000000 08:01 146048                     /usr/lib/x86_64-linux-gnu/libxcb-render.so.0.0.0
7f35c1568000-7f35c1768000 ---p 0000c000 08:01 146048                     /usr/lib/x86_64-linux-gnu/libxcb-render.so.0.0.0
7f35c1768000-7f35c1769000 r--p 0000c000 08:01 146048                     /usr/lib/x86_64-linux-gnu/libxcb-render.so.0.0.0
7f35c1769000-7f35c176a000 rw-p 0000d000 08:01 146048                     /usr/lib/x86_64-linux-gnu/libxcb-render.so.0.0.0
7f35c176a000-7f35c1791000 r-xp 00000000 08:01 146064                     /usr/lib/x86_64-linux-gnu/libxcb.so.1.1.0
7f35c1791000-7f35c1990000 ---p 00027000 08:01 146064                     /usr/lib/x86_64-linux-gnu/libxcb.so.1.1.0
7f35c1990000-7f35c1991000 r--p 00026000 08:01 146064                     /usr/lib/x86_64-linux-gnu/libxcb.so.1.1.0
7f35c1991000-7f35c1992000 rw-p 00027000 08:01 146064                     /usr/lib/x86_64-linux-gnu/libxcb.so.1.1.0
7f35c1992000-7f35c3782000 rw-p 00000000 00:00 0 
7f35c3782000-7f35c378e000 rw-s 00000000 00:18 438                        /i915 (deleted)
7f35c378e000-7f35c37a2000 r--p 00000000 08:01 1478618                    /home/administrador/Downloads/jdk1.8.0_171/jre/lib/fonts/LucidaBrightItalic.ttf
7f35c37a2000-7f35c37a7000 r--s 00084000 08:01 1326934                    /home/administrador/Downloads/jdk1.8.0_171/jre/lib/jfr.jar
7f35c37a7000-7f35c37d0000 r--p 00000000 08:01 1180903                    /usr/share/locale/pt/LC_MESSAGES/gtk20-properties.mo
7f35c37d0000-7f35c37db000 r--s 00000000 08:01 1839081                    /var/cache/fontconfig/945677eb7aeaf62f1d50efc3fb3ec7d8-le64.cache-4
7f35c37db000-7f35c37e0000 r--s 00000000 08:01 1840107                    /var/cache/fontconfig/99e8ed0e538f840c565b6ed5dad60d56-le64.cache-4
7f35c37e0000-7f35c3822000 r--s 00000000 08:01 1831482                    /var/cache/fontconfig/0bd3dc0958fa2205aaaa8ebb13e2872b-le64.cache-4
7f35c3822000-7f35c3828000 r--s 00000000 08:01 1831469                    /var/cache/fontconfig/8801497958630a81b71ace7c5f9b32a8-le64.cache-4
7f35c3828000-7f35c382e000 r--s 00000000 08:01 1831484                    /var/cache/fontconfig/3047814df9a2f067bd2d96a2b9c36e5a-le64.cache-4
7f35c382e000-7f35c3833000 r--s 00000000 08:01 1831474                    /var/cache/fontconfig/9923581aef9bb9211ee5bcd557562ee7-le64.cache-4
7f35c3833000-7f35c383d000 r--s 00000000 08:01 1831490                    /var/cache/fontconfig/3f7329c5293ffd510edef78f73874cfd-le64.cache-4
7f35c383d000-7f35c3849000 r--s 00000000 08:01 1865266                    /var/cache/fontconfig/d589a48862398ed80a3d6066f4f56f4c-le64.cache-4
7f35c3849000-7f35c3868000 r--s 00000000 08:01 1831470                    /var/cache/fontconfig/9b89f8e3dae116d678bbf48e5f21f69b-le64.cache-4
7f35c3868000-7f35c3891000 r--p 00000000 08:01 1180961                    /usr/share/locale/pt_BR/LC_MESSAGES/gtk20-properties.mo
7f35c3891000-7f35c392f000 r-xp 00000000 08:01 145677                     /usr/lib/x86_64-linux-gnu/libpixman-1.so.0.34.0
7f35c392f000-7f35c3b2f000 ---p 0009e000 08:01 145677                     /usr/lib/x86_64-linux-gnu/libpixman-1.so.0.34.0
7f35c3b2f000-7f35c3b37000 r--p 0009e000 08:01 145677                     /usr/lib/x86_64-linux-gnu/libpixman-1.so.0.34.0
7f35c3b37000-7f35c3b38000 rw-p 000a6000 08:01 145677                     /usr/lib/x86_64-linux-gnu/libpixman-1.so.0.34.0
7f35c3b38000-7f35c3b69000 r-xp 00000000 08:01 145686                     /usr/lib/x86_64-linux-gnu/libpng16.so.16.30.0
7f35c3b69000-7f35c3d69000 ---p 00031000 08:01 145686                     /usr/lib/x86_64-linux-gnu/libpng16.so.16.30.0
7f35c3d69000-7f35c3d6a000 r--p 00031000 08:01 145686                     /usr/lib/x86_64-linux-gnu/libpng16.so.16.30.0
7f35c3d6a000-7f35c3d6b000 rw-p 00032000 08:01 145686                     /usr/lib/x86_64-linux-gnu/libpng16.so.16.30.0
7f35c3d6b000-7f35c3dfe000 r-xp 00000000 08:01 145278                     /usr/lib/x86_64-linux-gnu/libharfbuzz.so.0.10400.2
7f35c3dfe000-7f35c3ffd000 ---p 00093000 08:01 145278                     /usr/lib/x86_64-linux-gnu/libharfbuzz.so.0.10400.2
7f35c3ffd000-7f35c3fff000 r--p 00092000 08:01 145278                     /usr/lib/x86_64-linux-gnu/libharfbuzz.so.0.10400.2
7f35c3fff000-7f35c4000000 rw-p 00094000 08:01 145278                     /usr/lib/x86_64-linux-gnu/libharfbuzz.so.0.10400.2
7f35c4000000-7f35c4021000 rw-p 00000000 00:00 0 
7f35c4021000-7f35c8000000 ---p 00000000 00:00 0 
7f35c8000000-7f35c8001000 rw-s 00000000 00:18 372                        /i915 (deleted)
7f35c8001000-7f35c8002000 rw-s 00000000 00:18 167                        /i915 (deleted)
7f35c8002000-7f35c8005000 r--s 00000000 08:01 1831472                    /var/cache/fontconfig/47e67d79d01846c7b6efd6b4f03a6092-le64.cache-4
7f35c8005000-7f35c8008000 r--s 00000000 08:01 1831493                    /var/cache/fontconfig/e13b20fdb08344e0e664864cc2ede53d-le64.cache-4
7f35c8008000-7f35c800c000 r--s 00000000 08:01 1839074                    /var/cache/fontconfig/7ef2298fde41cc6eeb7af42e48b7d293-le64.cache-4
7f35c800c000-7f35c801a000 r--s 000c5000 08:13 69613                      /media/administrador/backup/ProjetosJava/CadastroOMega/CadastroOmegaFX/dist/run924677193/lib/jaybird-full-2.2.7.jar
7f35c801a000-7f35c8022000 rw-s 00000000 00:18 437                        /i915 (deleted)
7f35c8022000-7f35c8024000 r-xp 00000000 08:01 146052                     /usr/lib/x86_64-linux-gnu/libxcb-shm.so.0.0.0
7f35c8024000-7f35c8224000 ---p 00002000 08:01 146052                     /usr/lib/x86_64-linux-gnu/libxcb-shm.so.0.0.0
7f35c8224000-7f35c8225000 r--p 00002000 08:01 146052                     /usr/lib/x86_64-linux-gnu/libxcb-shm.so.0.0.0
7f35c8225000-7f35c8226000 rw-p 00003000 08:01 146052                     /usr/lib/x86_64-linux-gnu/libxcb-shm.so.0.0.0
7f35c8226000-7f35c8270000 r-xp 00000000 08:01 393814                     /lib/x86_64-linux-gnu/libmount.so.1.1.0
7f35c8270000-7f35c8470000 ---p 0004a000 08:01 393814                     /lib/x86_64-linux-gnu/libmount.so.1.1.0
7f35c8470000-7f35c8471000 r--p 0004a000 08:01 393814                     /lib/x86_64-linux-gnu/libmount.so.1.1.0
7f35c8471000-7f35c8472000 rw-p 0004b000 08:01 393814                     /lib/x86_64-linux-gnu/libmount.so.1.1.0
7f35c8472000-7f35c8474000 rw-p 00000000 00:00 0 
7f35c8474000-7f35c8488000 r-xp 00000000 08:01 393882                     /lib/x86_64-linux-gnu/libresolv-2.24.so
7f35c8488000-7f35c8687000 ---p 00014000 08:01 393882                     /lib/x86_64-linux-gnu/libresolv-2.24.so
7f35c8687000-7f35c8688000 r--p 00013000 08:01 393882                     /lib/x86_64-linux-gnu/libresolv-2.24.so
7f35c8688000-7f35c8689000 rw-p 00014000 08:01 393882                     /lib/x86_64-linux-gnu/libresolv-2.24.so
7f35c8689000-7f35c868b000 rw-p 00000000 00:00 0 
7f35c868b000-7f35c86b0000 r-xp 00000000 08:01 393888                     /lib/x86_64-linux-gnu/libselinux.so.1
7f35c86b0000-7f35c88af000 ---p 00025000 08:01 393888                     /lib/x86_64-linux-gnu/libselinux.so.1
7f35c88af000-7f35c88b0000 r--p 00024000 08:01 393888                     /lib/x86_64-linux-gnu/libselinux.so.1
7f35c88b0000-7f35c88b1000 rw-p 00025000 08:01 393888                     /lib/x86_64-linux-gnu/libselinux.so.1
7f35c88b1000-7f35c88b3000 rw-p 00000000 00:00 0 
7f35c88b3000-7f35c88cc000 r-xp 00000000 08:01 393915                     /lib/x86_64-linux-gnu/libz.so.1.2.8
7f35c88cc000-7f35c8acb000 ---p 00019000 08:01 393915                     /lib/x86_64-linux-gnu/libz.so.1.2.8
7f35c8acb000-7f35c8acc000 r--p 00018000 08:01 393915                     /lib/x86_64-linux-gnu/libz.so.1.2.8
7f35c8acc000-7f35c8acd000 rw-p 00019000 08:01 393915                     /lib/x86_64-linux-gnu/libz.so.1.2.8
7f35c8acd000-7f35c8ade000 r-xp 00000000 08:01 144630                     /usr/lib/x86_64-linux-gnu/libXext.so.6.4.0
7f35c8ade000-7f35c8cdd000 ---p 00011000 08:01 144630                     /usr/lib/x86_64-linux-gnu/libXext.so.6.4.0
7f35c8cdd000-7f35c8cde000 r--p 00010000 08:01 144630                     /usr/lib/x86_64-linux-gnu/libXext.so.6.4.0
7f35c8cde000-7f35c8cdf000 rw-p 00011000 08:01 144630                     /usr/lib/x86_64-linux-gnu/libXext.so.6.4.0
7f35c8cdf000-7f35c8ce9000 r-xp 00000000 08:01 144624                     /usr/lib/x86_64-linux-gnu/libXcursor.so.1.0.2
7f35c8ce9000-7f35c8ee8000 ---p 0000a000 08:01 144624                     /usr/lib/x86_64-linux-gnu/libXcursor.so.1.0.2
7f35c8ee8000-7f35c8ee9000 r--p 00009000 08:01 144624                     /usr/lib/x86_64-linux-gnu/libXcursor.so.1.0.2
7f35c8ee9000-7f35c8eea000 rw-p 0000a000 08:01 144624                     /usr/lib/x86_64-linux-gnu/libXcursor.so.1.0.2
7f35c8eea000-7f35c8ef4000 r-xp 00000000 08:01 144650                     /usr/lib/x86_64-linux-gnu/libXrandr.so.2.2.0
7f35c8ef4000-7f35c90f3000 ---p 0000a000 08:01 144650                     /usr/lib/x86_64-linux-gnu/libXrandr.so.2.2.0
7f35c90f3000-7f35c90f4000 r--p 00009000 08:01 144650                     /usr/lib/x86_64-linux-gnu/libXrandr.so.2.2.0
7f35c90f4000-7f35c90f5000 rw-p 0000a000 08:01 144650                     /usr/lib/x86_64-linux-gnu/libXrandr.so.2.2.0
7f35c90f5000-7f35c9104000 r-xp 00000000 08:01 144640                     /usr/lib/x86_64-linux-gnu/libXi.so.6.1.0
7f35c9104000-7f35c9303000 ---p 0000f000 08:01 144640                     /usr/lib/x86_64-linux-gnu/libXi.so.6.1.0
7f35c9303000-7f35c9304000 r--p 0000e000 08:01 144640                     /usr/lib/x86_64-linux-gnu/libXi.so.6.1.0
7f35c9304000-7f35c9305000 rw-p 0000f000 08:01 144640                     /usr/lib/x86_64-linux-gnu/libXi.so.6.1.0
7f35c9305000-7f35c9307000 r-xp 00000000 08:01 144642                     /usr/lib/x86_64-linux-gnu/libXinerama.so.1.0.0
7f35c9307000-7f35c9506000 ---p 00002000 08:01 144642                     /usr/lib/x86_64-linux-gnu/libXinerama.so.1.0.0
7f35c9506000-7f35c9507000 r--p 00001000 08:01 144642                     /usr/lib/x86_64-linux-gnu/libXinerama.so.1.0.0
7f35c9507000-7f35c9508000 rw-p 00002000 08:01 144642                     /usr/lib/x86_64-linux-gnu/libXinerama.so.1.0.0
7f35c9508000-7f35c9511000 r-xp 00000000 08:01 144652                     /usr/lib/x86_64-linux-gnu/libXrender.so.1.3.0
7f35c9511000-7f35c9710000 ---p 00009000 08:01 144652                     /usr/lib/x86_64-linux-gnu/libXrender.so.1.3.0
7f35c9710000-7f35c9711000 r--p 00008000 08:01 144652                     /usr/lib/x86_64-linux-gnu/libXrender.so.1.3.0
7f35c9711000-7f35c9712000 rw-p 00009000 08:01 144652                     /usr/lib/x86_64-linux-gnu/libXrender.so.1.3.0
7f35c9712000-7f35c9717000 r-xp 00000000 08:01 144632                     /usr/lib/x86_64-linux-gnu/libXfixes.so.3.1.0
7f35c9717000-7f35c9916000 ---p 00005000 08:01 144632                     /usr/lib/x86_64-linux-gnu/libXfixes.so.3.1.0
7f35c9916000-7f35c9917000 r--p 00004000 08:01 144632                     /usr/lib/x86_64-linux-gnu/libXfixes.so.3.1.0
7f35c9917000-7f35c9918000 rw-p 00005000 08:01 144632                     /usr/lib/x86_64-linux-gnu/libXfixes.so.3.1.0
7f35c9918000-7f35c991a000 r-xp 00000000 08:01 144626                     /usr/lib/x86_64-linux-gnu/libXdamage.so.1.1.0
7f35c991a000-7f35c9b19000 ---p 00002000 08:01 144626                     /usr/lib/x86_64-linux-gnu/libXdamage.so.1.1.0
7f35c9b19000-7f35c9b1a000 r--p 00001000 08:01 144626                     /usr/lib/x86_64-linux-gnu/libXdamage.so.1.1.0
7f35c9b1a000-7f35c9b1b000 rw-p 00002000 08:01 144626                     /usr/lib/x86_64-linux-gnu/libXdamage.so.1.1.0
7f35c9b1b000-7f35c9b1d000 r-xp 00000000 08:01 144622                     /usr/lib/x86_64-linux-gnu/libXcomposite.so.1.0.0
7f35c9b1d000-7f35c9d1c000 ---p 00002000 08:01 144622                     /usr/lib/x86_64-linux-gnu/libXcomposite.so.1.0.0
7f35c9d1c000-7f35c9d1d000 r--p 00001000 08:01 144622                     /usr/lib/x86_64-linux-gnu/libXcomposite.so.1.0.0
7f35c9d1d000-7f35c9d1e000 rw-p 00002000 08:01 144622                     /usr/lib/x86_64-linux-gnu/libXcomposite.so.1.0.0
7f35c9d1e000-7f35c9d34000 r-xp 00000000 08:01 398018                     /lib/x86_64-linux-gnu/libgcc_s.so.1
7f35c9d34000-7f35c9f33000 ---p 00016000 08:01 398018                     /lib/x86_64-linux-gnu/libgcc_s.so.1
7f35c9f33000-7f35c9f34000 r--p 00015000 08:01 398018                     /lib/x86_64-linux-gnu/libgcc_s.so.1
7f35c9f34000-7f35c9f35000 rw-p 00016000 08:01 398018                     /lib/x86_64-linux-gnu/libgcc_s.so.1
7f35c9f35000-7f35ca0a5000 r-xp 00000000 08:01 131009                     /usr/lib/x86_64-linux-gnu/libstdc++.so.6.0.24
7f35ca0a5000-7f35ca2a5000 ---p 00170000 08:01 131009                     /usr/lib/x86_64-linux-gnu/libstdc++.so.6.0.24
7f35ca2a5000-7f35ca2af000 r--p 00170000 08:01 131009                     /usr/lib/x86_64-linux-gnu/libstdc++.so.6.0.24
7f35ca2af000-7f35ca2b1000 rw-p 0017a000 08:01 131009                     /usr/lib/x86_64-linux-gnu/libstdc++.so.6.0.24
7f35ca2b1000-7f35ca2b4000 rw-p 00000000 00:00 0 
7f35ca2b4000-7f35ca322000 r-xp 00000000 08:01 144469                     /usr/lib/x86_64-linux-gnu/libGL.so.1.2.0
7f35ca322000-7f35ca521000 ---p 0006e000 08:01 144469                     /usr/lib/x86_64-linux-gnu/libGL.so.1.2.0
7f35ca521000-7f35ca524000 r--p 0006d000 08:01 144469                     /usr/lib/x86_64-linux-gnu/libGL.so.1.2.0
7f35ca524000-7f35ca525000 rw-p 00070000 08:01 144469                     /usr/lib/x86_64-linux-gnu/libGL.so.1.2.0
7f35ca525000-7f35ca526000 rw-p 00000000 00:00 0 
7f35ca526000-7f35ca52b000 r-xp 00000000 08:01 144668                     /usr/lib/x86_64-linux-gnu/libXxf86vm.so.1.0.0
7f35ca52b000-7f35ca72a000 ---p 00005000 08:01 144668                     /usr/lib/x86_64-linux-gnu/libXxf86vm.so.1.0.0
7f35ca72a000-7f35ca72b000 r--p 00004000 08:01 144668                     /usr/lib/x86_64-linux-gnu/libXxf86vm.so.1.0.0
7f35ca72b000-7f35ca72c000 rw-p 00005000 08:01 144668                     /usr/lib/x86_64-linux-gnu/libXxf86vm.so.1.0.0
7f35ca72c000-7f35ca866000 r-xp 00000000 08:01 144613                     /usr/lib/x86_64-linux-gnu/libX11.so.6.3.0
7f35ca866000-7f35caa66000 ---p 0013a000 08:01 144613                     /usr/lib/x86_64-linux-gnu/libX11.so.6.3.0
7f35caa66000-7f35caa67000 r--p 0013a000 08:01 144613                     /usr/lib/x86_64-linux-gnu/libX11.so.6.3.0
7f35caa67000-7f35caa6c000 rw-p 0013b000 08:01 144613                     /usr/lib/x86_64-linux-gnu/libX11.so.6.3.0
7f35caa6c000-7f35caa71000 r-xp 00000000 08:01 144658                     /usr/lib/x86_64-linux-gnu/libXtst.so.6.1.0
7f35caa71000-7f35cac70000 ---p 00005000 08:01 144658                     /usr/lib/x86_64-linux-gnu/libXtst.so.6.1.0
7f35cac70000-7f35cac71000 r--p 00004000 08:01 144658                     /usr/lib/x86_64-linux-gnu/libXtst.so.6.1.0
7f35cac71000-7f35cac72000 rw-p 00005000 08:01 144658                     /usr/lib/x86_64-linux-gnu/libXtst.so.6.1.0
7f35cac72000-7f35cad82000 r-xp 00000000 08:01 395398                     /lib/x86_64-linux-gnu/libglib-2.0.so.0.5304.0
7f35cad82000-7f35caf81000 ---p 00110000 08:01 395398                     /lib/x86_64-linux-gnu/libglib-2.0.so.0.5304.0
7f35caf81000-7f35caf82000 r--p 0010f000 08:01 395398                     /lib/x86_64-linux-gnu/libglib-2.0.so.0.5304.0
7f35caf82000-7f35caf83000 rw-p 00110000 08:01 395398                     /lib/x86_64-linux-gnu/libglib-2.0.so.0.5304.0
7f35caf83000-7f35caf84000 rw-p 00000000 00:00 0 
7f35caf84000-7f35caf85000 r-xp 00000000 08:01 131275                     /usr/lib/x86_64-linux-gnu/libgthread-2.0.so.0.5304.0
7f35caf85000-7f35cb184000 ---p 00001000 08:01 131275                     /usr/lib/x86_64-linux-gnu/libgthread-2.0.so.0.5304.0
7f35cb184000-7f35cb185000 r--p 00000000 08:01 131275                     /usr/lib/x86_64-linux-gnu/libgthread-2.0.so.0.5304.0
7f35cb185000-7f35cb186000 rw-p 00001000 08:01 131275                     /usr/lib/x86_64-linux-gnu/libgthread-2.0.so.0.5304.0
7f35cb186000-7f35cb1d7000 r-xp 00000000 08:01 131274                     /usr/lib/x86_64-linux-gnu/libgobject-2.0.so.0.5304.0
7f35cb1d7000-7f35cb3d6000 ---p 00051000 08:01 131274                     /usr/lib/x86_64-linux-gnu/libgobject-2.0.so.0.5304.0
7f35cb3d6000-7f35cb3d7000 r--p 00050000 08:01 131274                     /usr/lib/x86_64-linux-gnu/libgobject-2.0.so.0.5304.0
7f35cb3d7000-7f35cb3d8000 rw-p 00051000 08:01 131274                     /usr/lib/x86_64-linux-gnu/libgobject-2.0.so.0.5304.0
7f35cb3d8000-7f35cb414000 r-xp 00000000 08:01 145018                     /usr/lib/x86_64-linux-gnu/libfontconfig.so.1.8.0
7f35cb414000-7f35cb613000 ---p 0003c000 08:01 145018                     /usr/lib/x86_64-linux-gnu/libfontconfig.so.1.8.0
7f35cb613000-7f35cb615000 r--p 0003b000 08:01 145018                     /usr/lib/x86_64-linux-gnu/libfontconfig.so.1.8.0
7f35cb615000-7f35cb616000 rw-p 0003d000 08:01 145018                     /usr/lib/x86_64-linux-gnu/libfontconfig.so.1.8.0
7f35cb616000-7f35cb6ba000 r-xp 00000000 08:01 145030                     /usr/lib/x86_64-linux-gnu/libfreetype.so.6.12.5
7f35cb6ba000-7f35cb8ba000 ---p 000a4000 08:01 145030                     /usr/lib/x86_64-linux-gnu/libfreetype.so.6.12.5
7f35cb8ba000-7f35cb8c0000 r--p 000a4000 08:01 145030                     /usr/lib/x86_64-linux-gnu/libfreetype.so.6.12.5
7f35cb8c0000-7f35cb8c1000 rw-p 000aa000 08:01 145030                     /usr/lib/x86_64-linux-gnu/libfreetype.so.6.12.5
7f35cb8c1000-7f35cb90a000 r-xp 00000000 08:01 145627                     /usr/lib/x86_64-linux-gnu/libpango-1.0.so.0.4000.4
7f35cb90a000-7f35cbb09000 ---p 00049000 08:01 145627                     /usr/lib/x86_64-linux-gnu/libpango-1.0.so.0.4000.4
7f35cbb09000-7f35cbb0c000 r--p 00048000 08:01 145627                     /usr/lib/x86_64-linux-gnu/libpango-1.0.so.0.4000.4
7f35cbb0c000-7f35cbb0d000 rw-p 0004b000 08:01 145627                     /usr/lib/x86_64-linux-gnu/libpango-1.0.so.0.4000.4
7f35cbb0d000-7f35cbc1b000 r-xp 00000000 08:01 144777                     /usr/lib/x86_64-linux-gnu/libcairo.so.2.11400.10
7f35cbc1b000-7f35cbe1b000 ---p 0010e000 08:01 144777                     /usr/lib/x86_64-linux-gnu/libcairo.so.2.11400.10
7f35cbe1b000-7f35cbe1e000 r--p 0010e000 08:01 144777                     /usr/lib/x86_64-linux-gnu/libcairo.so.2.11400.10
7f35cbe1e000-7f35cbe1f000 rw-p 00111000 08:01 144777                     /usr/lib/x86_64-linux-gnu/libcairo.so.2.11400.10
7f35cbe1f000-7f35cc000000 rw-p 00000000 00:00 0 
7f35cc000000-7f35cc021000 rw-p 00000000 00:00 0 
7f35cc021000-7f35d0000000 ---p 00000000 00:00 0 
7f35d0000000-7f35d0001000 rw-s 00000000 00:18 431                        /i915 (deleted)
7f35d0001000-7f35d0009000 rw-s 00000000 00:18 428                        /i915 (deleted)
7f35d0009000-7f35d0018000 r--p 00000000 08:01 1180962                    /usr/share/locale/pt_BR/LC_MESSAGES/gtk20.mo
7f35d0018000-7f35d001b000 r-xp 00000000 08:01 131253                     /usr/lib/x86_64-linux-gnu/libgmodule-2.0.so.0.5304.0
7f35d001b000-7f35d021a000 ---p 00003000 08:01 131253                     /usr/lib/x86_64-linux-gnu/libgmodule-2.0.so.0.5304.0
7f35d021a000-7f35d021b000 r--p 00002000 08:01 131253                     /usr/lib/x86_64-linux-gnu/libgmodule-2.0.so.0.5304.0
7f35d021b000-7f35d021c000 rw-p 00003000 08:01 131253                     /usr/lib/x86_64-linux-gnu/libgmodule-2.0.so.0.5304.0
7f35d021c000-7f35d0228000 r-xp 00000000 08:01 145629                     /usr/lib/x86_64-linux-gnu/libpangocairo-1.0.so.0.4000.4
7f35d0228000-7f35d0427000 ---p 0000c000 08:01 145629                     /usr/lib/x86_64-linux-gnu/libpangocairo-1.0.so.0.4000.4
7f35d0427000-7f35d0428000 r--p 0000b000 08:01 145629                     /usr/lib/x86_64-linux-gnu/libpangocairo-1.0.so.0.4000.4
7f35d0428000-7f35d0429000 rw-p 0000c000 08:01 145629                     /usr/lib/x86_64-linux-gnu/libpangocairo-1.0.so.0.4000.4
7f35d0429000-7f35d044b000 r-xp 00000000 08:01 145063                     /usr/lib/x86_64-linux-gnu/libgdk_pixbuf-2.0.so.0.3600.5
7f35d044b000-7f35d064a000 ---p 00022000 08:01 145063                     /usr/lib/x86_64-linux-gnu/libgdk_pixbuf-2.0.so.0.3600.5
7f35d064a000-7f35d064b000 r--p 00021000 08:01 145063                     /usr/lib/x86_64-linux-gnu/libgdk_pixbuf-2.0.so.0.3600.5
7f35d064b000-7f35d064c000 rw-p 00022000 08:01 145063                     /usr/lib/x86_64-linux-gnu/libgdk_pixbuf-2.0.so.0.3600.5
7f35d064c000-7f35d0660000 r-xp 00000000 08:01 145631                     /usr/lib/x86_64-linux-gnu/libpangoft2-1.0.so.0.4000.4
7f35d0660000-7f35d0860000 ---p 00014000 08:01 145631                     /usr/lib/x86_64-linux-gnu/libpangoft2-1.0.so.0.4000.4
7f35d0860000-7f35d0861000 r--p 00014000 08:01 145631                     /usr/lib/x86_64-linux-gnu/libpangoft2-1.0.so.0.4000.4
7f35d0861000-7f35d0862000 rw-p 00015000 08:01 145631                     /usr/lib/x86_64-linux-gnu/libpangoft2-1.0.so.0.4000.4
7f35d0862000-7f35d09ed000 r-xp 00000000 08:01 131231                     /usr/lib/x86_64-linux-gnu/libgio-2.0.so.0.5304.0
7f35d09ed000-7f35d0bed000 ---p 0018b000 08:01 131231                     /usr/lib/x86_64-linux-gnu/libgio-2.0.so.0.5304.0
7f35d0bed000-7f35d0bf2000 r--p 0018b000 08:01 131231                     /usr/lib/x86_64-linux-gnu/libgio-2.0.so.0.5304.0
7f35d0bf2000-7f35d0bf4000 rw-p 00190000 08:01 131231                     /usr/lib/x86_64-linux-gnu/libgio-2.0.so.0.5304.0
7f35d0bf4000-7f35d0bf6000 rw-p 00000000 00:00 0 
7f35d0bf6000-7f35d0c19000 r-xp 00000000 08:01 144707                     /usr/lib/x86_64-linux-gnu/libatk-1.0.so.0.22409.1
7f35d0c19000-7f35d0e18000 ---p 00023000 08:01 144707                     /usr/lib/x86_64-linux-gnu/libatk-1.0.so.0.22409.1
7f35d0e18000-7f35d0e1b000 r--p 00022000 08:01 144707                     /usr/lib/x86_64-linux-gnu/libatk-1.0.so.0.22409.1
7f35d0e1b000-7f35d0e1c000 rw-p 00025000 08:01 144707                     /usr/lib/x86_64-linux-gnu/libatk-1.0.so.0.22409.1
7f35d0e1c000-7f35d0ec9000 r-xp 00000000 08:01 131016                     /usr/lib/x86_64-linux-gnu/libgdk-x11-2.0.so.0.2400.31
7f35d0ec9000-7f35d10c8000 ---p 000ad000 08:01 131016                     /usr/lib/x86_64-linux-gnu/libgdk-x11-2.0.so.0.2400.31
7f35d10c8000-7f35d10cc000 r--p 000ac000 08:01 131016                     /usr/lib/x86_64-linux-gnu/libgdk-x11-2.0.so.0.2400.31
7f35d10cc000-7f35d10ce000 rw-p 000b0000 08:01 131016                     /usr/lib/x86_64-linux-gnu/libgdk-x11-2.0.so.0.2400.31
7f35d10ce000-7f35d14fe000 r-xp 00000000 08:01 132064                     /usr/lib/x86_64-linux-gnu/libgtk-x11-2.0.so.0.2400.31
7f35d14fe000-7f35d16fd000 ---p 00430000 08:01 132064                     /usr/lib/x86_64-linux-gnu/libgtk-x11-2.0.so.0.2400.31
7f35d16fd000-7f35d1704000 r--p 0042f000 08:01 132064                     /usr/lib/x86_64-linux-gnu/libgtk-x11-2.0.so.0.2400.31
7f35d1704000-7f35d1708000 rw-p 00436000 08:01 132064                     /usr/lib/x86_64-linux-gnu/libgtk-x11-2.0.so.0.2400.31
7f35d1708000-7f35d170b000 rw-p 00000000 00:00 0 
7f35d170b000-7f35d1717000 r-xp 00000000 08:01 1327038                    /home/administrador/Downloads/jdk1.8.0_171/jre/lib/amd64/libprism_es2.so
7f35d1717000-7f35d1916000 ---p 0000c000 08:01 1327038                    /home/administrador/Downloads/jdk1.8.0_171/jre/lib/amd64/libprism_es2.so
7f35d1916000-7f35d1917000 rw-p 0000b000 08:01 1327038                    /home/administrador/Downloads/jdk1.8.0_171/jre/lib/amd64/libprism_es2.so
7f35d1917000-7f35d191a000 ---p 00000000 00:00 0 
7f35d191a000-7f35d1a18000 rw-p 00000000 00:00 0 
7f35d1a18000-7f35d1aad000 r--s 0110b000 08:01 1640576                    /home/administrador/Downloads/jdk1.8.0_171/jre/lib/ext/jfxrt.jar
7f35d1aad000-7f35d1aae000 ---p 00000000 00:00 0 
7f35d1aae000-7f35d1bae000 rw-p 00000000 00:00 0 
7f35d1bae000-7f35d1bb1000 ---p 00000000 00:00 0 
7f35d1bb1000-7f35d1caf000 rw-p 00000000 00:00 0 
7f35d1caf000-7f35d1cb2000 ---p 00000000 00:00 0 
7f35d1cb2000-7f35d1db0000 rw-p 00000000 00:00 0 
7f35d1db0000-7f35d1db3000 ---p 00000000 00:00 0 
7f35d1db3000-7f35d1eb1000 rw-p 00000000 00:00 0 
7f35d1eb1000-7f35d1eb4000 ---p 00000000 00:00 0 
7f35d1eb4000-7f35d1fb2000 rw-p 00000000 00:00 0 
7f35d1fb2000-7f35d214d000 r--p 00000000 08:01 136683                     /usr/lib/locale/locale-archive
7f35d214d000-7f35d2150000 ---p 00000000 00:00 0 
7f35d2150000-7f35d224e000 rw-p 00000000 00:00 0 
7f35d224e000-7f35d2251000 ---p 00000000 00:00 0 
7f35d2251000-7f35d234f000 rw-p 00000000 00:00 0 
7f35d234f000-7f35d2350000 ---p 00000000 00:00 0 
7f35d2350000-7f35d2da8000 rw-p 00000000 00:00 0 
7f35d2da8000-7f35d2f82000 r--s 03d68000 08:01 1326963                    /home/administrador/Downloads/jdk1.8.0_171/jre/lib/rt.jar
7f35d2f82000-7f35d3782000 rw-p 00000000 00:00 0 
7f35d3782000-7f35d3783000 ---p 00000000 00:00 0 
7f35d3783000-7f35d3897000 rw-p 00000000 00:00 0 
7f35d3897000-7f35d39c3000 ---p 00000000 00:00 0 
7f35d39c3000-7f35d39d7000 rw-p 00000000 00:00 0 
7f35d39d7000-7f35d3b02000 ---p 00000000 00:00 0 
7f35d3b02000-7f35d3b0d000 rw-p 00000000 00:00 0 
7f35d3b0d000-7f35d3ba2000 ---p 00000000 00:00 0 
7f35d3ba2000-7f35d3bc7000 rw-p 00000000 00:00 0 
7f35d3bc7000-7f35d3f63000 ---p 00000000 00:00 0 
7f35d3f63000-7f35d4863000 rwxp 00000000 00:00 0 
7f35d4863000-7f35e2f63000 ---p 00000000 00:00 0 
7f35e2f63000-7f35e2f7e000 r-xp 00000000 08:01 1327030                    /home/administrador/Downloads/jdk1.8.0_171/jre/lib/amd64/libzip.so
7f35e2f7e000-7f35e317e000 ---p 0001b000 08:01 1327030                    /home/administrador/Downloads/jdk1.8.0_171/jre/lib/amd64/libzip.so
7f35e317e000-7f35e317f000 rw-p 0001b000 08:01 1327030                    /home/administrador/Downloads/jdk1.8.0_171/jre/lib/amd64/libzip.so
7f35e317f000-7f35e3189000 r-xp 00000000 08:01 393831                     /lib/x86_64-linux-gnu/libnss_files-2.24.so
7f35e3189000-7f35e3389000 ---p 0000a000 08:01 393831                     /lib/x86_64-linux-gnu/libnss_files-2.24.so
7f35e3389000-7f35e338a000 r--p 0000a000 08:01 393831                     /lib/x86_64-linux-gnu/libnss_files-2.24.so
7f35e338a000-7f35e338b000 rw-p 0000b000 08:01 393831                     /lib/x86_64-linux-gnu/libnss_files-2.24.so
7f35e338b000-7f35e3391000 rw-p 00000000 00:00 0 
7f35e3391000-7f35e339c000 r-xp 00000000 08:01 393835                     /lib/x86_64-linux-gnu/libnss_nis-2.24.so
7f35e339c000-7f35e359b000 ---p 0000b000 08:01 393835                     /lib/x86_64-linux-gnu/libnss_nis-2.24.so
7f35e359b000-7f35e359c000 r--p 0000a000 08:01 393835                     /lib/x86_64-linux-gnu/libnss_nis-2.24.so
7f35e359c000-7f35e359d000 rw-p 0000b000 08:01 393835                     /lib/x86_64-linux-gnu/libnss_nis-2.24.so
7f35e359d000-7f35e35b1000 r-xp 00000000 08:01 393825                     /lib/x86_64-linux-gnu/libnsl-2.24.so
7f35e35b1000-7f35e37b1000 ---p 00014000 08:01 393825                     /lib/x86_64-linux-gnu/libnsl-2.24.so
7f35e37b1000-7f35e37b2000 r--p 00014000 08:01 393825                     /lib/x86_64-linux-gnu/libnsl-2.24.so
7f35e37b2000-7f35e37b3000 rw-p 00015000 08:01 393825                     /lib/x86_64-linux-gnu/libnsl-2.24.so
7f35e37b3000-7f35e37b5000 rw-p 00000000 00:00 0 
7f35e37b5000-7f35e37bc000 r-xp 00000000 08:01 393827                     /lib/x86_64-linux-gnu/libnss_compat-2.24.so
7f35e37bc000-7f35e39bb000 ---p 00007000 08:01 393827                     /lib/x86_64-linux-gnu/libnss_compat-2.24.so
7f35e39bb000-7f35e39bc000 r--p 00006000 08:01 393827                     /lib/x86_64-linux-gnu/libnss_compat-2.24.so
7f35e39bc000-7f35e39bd000 rw-p 00007000 08:01 393827                     /lib/x86_64-linux-gnu/libnss_compat-2.24.so
7f35e39bd000-7f35e39e8000 r-xp 00000000 08:01 1327024                    /home/administrador/Downloads/jdk1.8.0_171/jre/lib/amd64/libjava.so
7f35e39e8000-7f35e3be7000 ---p 0002b000 08:01 1327024                    /home/administrador/Downloads/jdk1.8.0_171/jre/lib/amd64/libjava.so
7f35e3be7000-7f35e3be9000 rw-p 0002a000 08:01 1327024                    /home/administrador/Downloads/jdk1.8.0_171/jre/lib/amd64/libjava.so
7f35e3be9000-7f35e3bf6000 r-xp 00000000 08:01 1327029                    /home/administrador/Downloads/jdk1.8.0_171/jre/lib/amd64/libverify.so
7f35e3bf6000-7f35e3df6000 ---p 0000d000 08:01 1327029                    /home/administrador/Downloads/jdk1.8.0_171/jre/lib/amd64/libverify.so
7f35e3df6000-7f35e3df8000 rw-p 0000d000 08:01 1327029                    /home/administrador/Downloads/jdk1.8.0_171/jre/lib/amd64/libverify.so
7f35e3df8000-7f35e3dff000 r-xp 00000000 08:01 393884                     /lib/x86_64-linux-gnu/librt-2.24.so
7f35e3dff000-7f35e3ffe000 ---p 00007000 08:01 393884                     /lib/x86_64-linux-gnu/librt-2.24.so
7f35e3ffe000-7f35e3fff000 r--p 00006000 08:01 393884                     /lib/x86_64-linux-gnu/librt-2.24.so
7f35e3fff000-7f35e4000000 rw-p 00007000 08:01 393884                     /lib/x86_64-linux-gnu/librt-2.24.so
7f35e4000000-7f35e4487000 rw-p 00000000 00:00 0 
7f35e4487000-7f35e8000000 ---p 00000000 00:00 0 
7f35e8000000-7f35e8001000 rw-s 00000000 00:18 361                        /i915 (deleted)
7f35e8001000-7f35e8007000 r--s 00033000 08:13 69612                      /media/administrador/backup/ProjetosJava/CadastroOMega/CadastroOmegaFX/dist/run924677193/lib/gson-2.6.2.jar
7f35e8007000-7f35e800f000 rw-s 00000000 00:18 429                        /i915 (deleted)
7f35e800f000-7f35e8017000 rw-s 00000000 00:18 425                        /i915 (deleted)
7f35e8017000-7f35e8026000 r--p 00000000 08:01 1179575                    /usr/share/locale/pt_BR/LC_MESSAGES/libc.mo
7f35e8026000-7f35e8027000 ---p 00000000 00:00 0 
7f35e8027000-7f35e8127000 rw-p 00000000 00:00 0 
7f35e8127000-7f35e822a000 r-xp 00000000 08:01 393808                     /lib/x86_64-linux-gnu/libm-2.24.so
7f35e822a000-7f35e8429000 ---p 00103000 08:01 393808                     /lib/x86_64-linux-gnu/libm-2.24.so
7f35e8429000-7f35e842a000 r--p 00102000 08:01 393808                     /lib/x86_64-linux-gnu/libm-2.24.so
7f35e842a000-7f35e842b000 rw-p 00103000 08:01 393808                     /lib/x86_64-linux-gnu/libm-2.24.so
7f35e842b000-7f35e9104000 r-xp 00000000 08:01 1327006                    /home/administrador/Downloads/jdk1.8.0_171/jre/lib/amd64/server/libjvm.so
7f35e9104000-7f35e9303000 ---p 00cd9000 08:01 1327006                    /home/administrador/Downloads/jdk1.8.0_171/jre/lib/amd64/server/libjvm.so
7f35e9303000-7f35e93dd000 rw-p 00cd8000 08:01 1327006                    /home/administrador/Downloads/jdk1.8.0_171/jre/lib/amd64/server/libjvm.so
7f35e93dd000-7f35e9428000 rw-p 00000000 00:00 0 
7f35e9428000-7f35e95bd000 r-xp 00000000 08:01 393739                     /lib/x86_64-linux-gnu/libc-2.24.so
7f35e95bd000-7f35e97bd000 ---p 00195000 08:01 393739                     /lib/x86_64-linux-gnu/libc-2.24.so
7f35e97bd000-7f35e97c1000 r--p 00195000 08:01 393739                     /lib/x86_64-linux-gnu/libc-2.24.so
7f35e97c1000-7f35e97c3000 rw-p 00199000 08:01 393739                     /lib/x86_64-linux-gnu/libc-2.24.so
7f35e97c3000-7f35e97c7000 rw-p 00000000 00:00 0 
7f35e97c7000-7f35e97ca000 r-xp 00000000 08:01 393762                     /lib/x86_64-linux-gnu/libdl-2.24.so
7f35e97ca000-7f35e99c9000 ---p 00003000 08:01 393762                     /lib/x86_64-linux-gnu/libdl-2.24.so
7f35e99c9000-7f35e99ca000 r--p 00002000 08:01 393762                     /lib/x86_64-linux-gnu/libdl-2.24.so
7f35e99ca000-7f35e99cb000 rw-p 00003000 08:01 393762                     /lib/x86_64-linux-gnu/libdl-2.24.so
7f35e99cb000-7f35e99e1000 r-xp 00000000 08:01 1207801                    /home/administrador/Downloads/jdk1.8.0_171/lib/amd64/jli/libjli.so
7f35e99e1000-7f35e9be0000 ---p 00016000 08:01 1207801                    /home/administrador/Downloads/jdk1.8.0_171/lib/amd64/jli/libjli.so
7f35e9be0000-7f35e9be1000 rw-p 00015000 08:01 1207801                    /home/administrador/Downloads/jdk1.8.0_171/lib/amd64/jli/libjli.so
7f35e9be1000-7f35e9bf9000 r-xp 00000000 08:01 393874                     /lib/x86_64-linux-gnu/libpthread-2.24.so
7f35e9bf9000-7f35e9df8000 ---p 00018000 08:01 393874                     /lib/x86_64-linux-gnu/libpthread-2.24.so
7f35e9df8000-7f35e9df9000 r--p 00017000 08:01 393874                     /lib/x86_64-linux-gnu/libpthread-2.24.so
7f35e9df9000-7f35e9dfa000 rw-p 00018000 08:01 393874                     /lib/x86_64-linux-gnu/libpthread-2.24.so
7f35e9dfa000-7f35e9dfe000 rw-p 00000000 00:00 0 
7f35e9dfe000-7f35e9e21000 r-xp 00000000 08:01 393709                     /lib/x86_64-linux-gnu/ld-2.24.so
7f35e9e21000-7f35e9e22000 r--s 00000000 08:01 1831471                    /var/cache/fontconfig/16c2fda60d1b4b719f4b3d06fd951d25-le64.cache-4
7f35e9e22000-7f35e9e23000 r--s 00000000 08:01 1831485                    /var/cache/fontconfig/30829fa25452a46451e813d634d7f916-le64.cache-4
7f35e9e23000-7f35e9e24000 rw-s 00000000 00:18 426                        /i915 (deleted)
7f35e9e24000-7f35e9e25000 rw-s 101f0a000 00:06 375                       /dev/dri/card0
7f35e9e25000-7f35e9e2c000 r--s 00000000 08:01 267008                     /usr/lib/x86_64-linux-gnu/gconv/gconv-modules.cache
7f35e9e2c000-7f35e9efd000 rw-p 00000000 00:00 0 
7f35e9efd000-7f35e9f00000 ---p 00000000 00:00 0 
7f35e9f00000-7f35ea000000 rw-p 00000000 00:00 0 
7f35ea000000-7f35ea001000 r--s 00009000 08:13 69609                      /media/administrador/backup/ProjetosJava/CadastroOMega/CadastroOmegaFX/dist/run924677193/CadastroOmegaFX.jar
7f35ea001000-7f35ea014000 rw-p 00000000 00:00 0 
7f35ea014000-7f35ea01c000 rw-s 00000000 08:01 810132                     /tmp/hsperfdata_administrador/6069
7f35ea01c000-7f35ea01d000 rw-p 00000000 00:00 0 
7f35ea01d000-7f35ea01e000 ---p 00000000 00:00 0 
7f35ea01e000-7f35ea021000 rw-p 00000000 00:00 0 
7f35ea021000-7f35ea022000 r--p 00023000 08:01 393709                     /lib/x86_64-linux-gnu/ld-2.24.so
7f35ea022000-7f35ea023000 rw-p 00024000 08:01 393709                     /lib/x86_64-linux-gnu/ld-2.24.so
7f35ea023000-7f35ea024000 rw-p 00000000 00:00 0 
7ffd0dae9000-7ffd0db0a000 rw-p 00000000 00:00 0                          [stack]
7ffd0db8b000-7ffd0db8e000 r--p 00000000 00:00 0                          [vvar]
7ffd0db8e000-7ffd0db90000 r-xp 00000000 00:00 0                          [vdso]
ffffffffff600000-ffffffffff601000 r-xp 00000000 00:00 0                  [vsyscall]

VM Arguments:
jvm_args: -Dfile.encoding=UTF-8 -Dawt.useSystemAAFontSettings=gasp 
java_command: /media/administrador/backup/ProjetosJava/CadastroOMega/CadastroOmegaFX/dist/run924677193/CadastroOmegaFX.jar
java_class_path (initial): /media/administrador/backup/ProjetosJava/CadastroOMega/CadastroOmegaFX/dist/run924677193/CadastroOmegaFX.jar
Launcher Type: SUN_STANDARD

Environment Variables:
_JAVA_OPTIONS=  -Dawt.useSystemAAFontSettings=gasp
PATH=/usr/local/bin:/usr/bin:/bin:/usr/local/games:/usr/games:/sbin:/usr/sbin
LD_LIBRARY_PATH=/usr/lib/jvm/default-java/jre/lib/amd64:/usr/lib/jvm/default-java/jre/lib/i386:
SHELL=/bin/bash
DISPLAY=:0

Signal Handlers:
SIGSEGV: [libjvm.so+0xad0890], sa_mask[0]=11111111011111111101111111111110, sa_flags=SA_RESTART|SA_SIGINFO
SIGBUS: [libjvm.so+0xad0890], sa_mask[0]=11111111011111111101111111111110, sa_flags=SA_RESTART|SA_SIGINFO
SIGFPE: [libjvm.so+0x928640], sa_mask[0]=11111111011111111101111111111110, sa_flags=SA_RESTART|SA_SIGINFO
SIGPIPE: SIG_IGN, sa_mask[0]=00000000000010000000000000000000, sa_flags=SA_RESTART
SIGXFSZ: [libjvm.so+0x928640], sa_mask[0]=11111111011111111101111111111110, sa_flags=SA_RESTART|SA_SIGINFO
SIGILL: [libjvm.so+0x928640], sa_mask[0]=11111111011111111101111111111110, sa_flags=SA_RESTART|SA_SIGINFO
SIGUSR1: SIG_DFL, sa_mask[0]=00000000000000000000000000000000, sa_flags=none
SIGUSR2: [libjvm.so+0x929ea0], sa_mask[0]=00100000000000000000000000000000, sa_flags=SA_RESTART|SA_SIGINFO
SIGHUP: SIG_IGN, sa_mask[0]=00000000000000000000000000000000, sa_flags=none
SIGINT: SIG_IGN, sa_mask[0]=00000000000000000000000000000000, sa_flags=none
SIGTERM: [libjvm.so+0x92b2a0], sa_mask[0]=11111111011111111101111111111110, sa_flags=SA_RESTART|SA_SIGINFO
SIGQUIT: [libjvm.so+0x92b2a0], sa_mask[0]=11111111011111111101111111111110, sa_flags=SA_RESTART|SA_SIGINFO


---------------  S Y S T E M  ---------------

OS:DISTRIB_ID=Deepin
DISTRIB_RELEASE="15.6"
DISTRIB_DESCRIPTION="Deepin 15.6 "
DISTRIB_CODENAME=unstable

uname:Linux 4.15.0-21deepin-generic #21 SMP Mon May 21 05:20:09 UTC 2018 x86_64
libc:glibc 2.24 NPTL 2.24 
rlimit: STACK 8192k, CORE 0k, NPROC 15112, NOFILE 1048576, AS infinity
load average:1,84 2,36 2,22

/proc/meminfo:
MemTotal:        3921628 kB
MemFree:          440236 kB
MemAvailable:     828524 kB
Buffers:           50732 kB
Cached:           721004 kB
SwapCached:            0 kB
Active:          1751224 kB
Inactive:         434476 kB
Active(anon):    1415348 kB
Inactive(anon):   214844 kB
Active(file):     335876 kB
Inactive(file):   219632 kB
Unevictable:          64 kB
Mlocked:              64 kB
SwapTotal:             0 kB
SwapFree:              0 kB
Dirty:              3828 kB
Writeback:             0 kB
AnonPages:       1414212 kB
Mapped:          1311168 kB
Shmem:            216132 kB
Slab:             123968 kB
SReclaimable:      70428 kB
SUnreclaim:        53540 kB
KernelStack:        8608 kB
PageTables:        36952 kB
NFS_Unstable:          0 kB
Bounce:                0 kB
WritebackTmp:          0 kB
CommitLimit:     1960812 kB
Committed_AS:    6513268 kB
VmallocTotal:   34359738367 kB
VmallocUsed:           0 kB
VmallocChunk:          0 kB
HardwareCorrupted:     0 kB
AnonHugePages:         0 kB
ShmemHugePages:        0 kB
ShmemPmdMapped:        0 kB
CmaTotal:              0 kB
CmaFree:               0 kB
HugePages_Total:       0
HugePages_Free:        0
HugePages_Rsvd:        0
HugePages_Surp:        0
Hugepagesize:       2048 kB
DirectMap4k:      221980 kB
DirectMap2M:     3854336 kB


CPU:total 2 (initial active 2) (2 cores per cpu, 1 threads per core) family 6 model 42 stepping 7, cmov, cx8, fxsr, mmx, sse, sse2, sse3, ssse3, sse4.1, sse4.2, popcnt, clmul, tsc, tscinvbit

/proc/cpuinfo:
processor	: 0
vendor_id	: GenuineIntel
cpu family	: 6
model		: 42
model name	: Intel(R) Celeron(R) CPU 847 @ 1.10GHz
stepping	: 7
microcode	: 0x28
cpu MHz		: 1097.464
cache size	: 2048 KB
physical id	: 0
siblings	: 2
core id		: 0
cpu cores	: 2
apicid		: 0
initial apicid	: 0
fpu		: yes
fpu_exception	: yes
cpuid level	: 13
wp		: yes
flags		: fpu vme de pse tsc msr pae mce cx8 apic sep mtrr pge mca cmov pat pse36 clflush dts acpi mmx fxsr sse sse2 ss ht tm pbe syscall nx rdtscp lm constant_tsc arch_perfmon pebs bts rep_good nopl xtopology nonstop_tsc cpuid aperfmperf pni pclmulqdq dtes64 monitor ds_cpl vmx est tm2 ssse3 cx16 xtpr pdcm pcid sse4_1 sse4_2 x2apic popcnt tsc_deadline_timer xsave lahf_lm epb pti tpr_shadow vnmi flexpriority ept vpid xsaveopt dtherm arat pln pts
bugs		: cpu_meltdown spectre_v1 spectre_v2
bogomips	: 2194.93
clflush size	: 64
cache_alignment	: 64
address sizes	: 36 bits physical, 48 bits virtual
power management:

processor	: 1
vendor_id	: GenuineIntel
cpu family	: 6
model		: 42
model name	: Intel(R) Celeron(R) CPU 847 @ 1.10GHz
stepping	: 7
microcode	: 0x28
cpu MHz		: 1097.464
cache size	: 2048 KB
physical id	: 0
siblings	: 2
core id		: 1
cpu cores	: 2
apicid		: 2
initial apicid	: 2
fpu		: yes
fpu_exception	: yes
cpuid level	: 13
wp		: yes
flags		: fpu vme de pse tsc msr pae mce cx8 apic sep mtrr pge mca cmov pat pse36 clflush dts acpi mmx fxsr sse sse2 ss ht tm pbe syscall nx rdtscp lm constant_tsc arch_perfmon pebs bts rep_good nopl xtopology nonstop_tsc cpuid aperfmperf pni pclmulqdq dtes64 monitor ds_cpl vmx est tm2 ssse3 cx16 xtpr pdcm pcid sse4_1 sse4_2 x2apic popcnt tsc_deadline_timer xsave lahf_lm epb pti tpr_shadow vnmi flexpriority ept vpid xsaveopt dtherm arat pln pts
bugs		: cpu_meltdown spectre_v1 spectre_v2
bogomips	: 2194.93
clflush size	: 64
cache_alignment	: 64
address sizes	: 36 bits physical, 48 bits virtual
power management:



Memory: 4k page, physical 3921628k(440236k free), swap 0k(0k free)

vm_info: Java HotSpot(TM) 64-Bit Server VM (25.171-b11) for linux-amd64 JRE (1.8.0_171-b11), built on Mar 28 2018 17:07:08 by "java_re" with gcc 4.3.0 20080428 (Red Hat 4.3.0-8)

time: Fri Jul 20 14:13:49 2018
elapsed time: 21 seconds (0d 0h 0m 21s)

